[0.009s] Invoking command in '/home/cp/town_ws/build/village_wang': CMAKE_PREFIX_PATH=/opt/ros/humble /usr/bin/cmake --build /home/cp/town_ws/build/village_wang -- -j16 -l16
[0.029s] -- Found ament_cmake: 1.3.9 (/opt/ros/humble/share/ament_cmake/cmake)
[0.121s] -- Found rclcpp: 16.0.9 (/opt/ros/humble/share/rclcpp/cmake)
[0.143s] -- Found rosidl_generator_c: 3.1.5 (/opt/ros/humble/share/rosidl_generator_c/cmake)
[0.144s] -- Found rosidl_adapter: 3.1.5 (/opt/ros/humble/share/rosidl_adapter/cmake)
[0.149s] -- Found rosidl_generator_cpp: 3.1.5 (/opt/ros/humble/share/rosidl_generator_cpp/cmake)
[0.157s] -- Using all available rosidl_typesupport_c: rosidl_typesupport_fastrtps_c;rosidl_typesupport_introspection_c
[0.167s] -- Using all available rosidl_typesupport_cpp: rosidl_typesupport_fastrtps_cpp;rosidl_typesupport_introspection_cpp
[0.207s] -- Found rmw_implementation_cmake: 6.1.2 (/opt/ros/humble/share/rmw_implementation_cmake/cmake)
[0.208s] -- Found rmw_fastrtps_cpp: 6.2.6 (/opt/ros/humble/share/rmw_fastrtps_cpp/cmake)
[0.311s] -- Using RMW implementation 'rmw_fastrtps_cpp' as default
[0.420s] -- Found ament_lint_auto: 0.12.11 (/opt/ros/humble/share/ament_lint_auto/cmake)
[0.470s] -- Added test 'cppcheck' to perform static code analysis on C / C++ code
[0.470s] -- Configured cppcheck include dirs: 
[0.470s] -- Configured cppcheck exclude dirs and/or files: 
[0.471s] -- Added test 'lint_cmake' to check CMake code style
[0.472s] -- Added test 'uncrustify' to check C / C++ code style
[0.472s] -- Configured uncrustify additional arguments: 
[0.472s] -- Added test 'xmllint' to check XML markup files
[0.472s] -- Configuring done
[0.479s] -- Generating done
[0.480s] -- Build files have been written to: /home/cp/town_ws/build/village_wang
[0.516s] [ 50%] [32mBuilding CXX object CMakeFiles/wang2_node.dir/src/wang2.cpp.o[0m
[6.488s] [100%] [32m[1mLinking CXX executable wang2_node[0m
[6.748s] [100%] Built target wang2_node
[6.759s] Invoked command in '/home/cp/town_ws/build/village_wang' returned '0': CMAKE_PREFIX_PATH=/opt/ros/humble /usr/bin/cmake --build /home/cp/town_ws/build/village_wang -- -j16 -l16
[6.791s] Invoking command in '/home/cp/town_ws/build/village_wang': CMAKE_PREFIX_PATH=/opt/ros/humble /usr/bin/cmake --install /home/cp/town_ws/build/village_wang
[6.798s] -- Install configuration: ""
[6.799s] -- Installing: /home/cp/town_ws/install/village_wang/lib/village_wang/wang2_node
[6.803s] -- Set runtime path of "/home/cp/town_ws/install/village_wang/lib/village_wang/wang2_node" to ""
[6.803s] -- Installing: /home/cp/town_ws/install/village_wang/share/ament_index/resource_index/package_run_dependencies/village_wang
[6.803s] -- Installing: /home/cp/town_ws/install/village_wang/share/ament_index/resource_index/parent_prefix_path/village_wang
[6.803s] -- Installing: /home/cp/town_ws/install/village_wang/share/village_wang/environment/ament_prefix_path.sh
[6.803s] -- Installing: /home/cp/town_ws/install/village_wang/share/village_wang/environment/ament_prefix_path.dsv
[6.803s] -- Installing: /home/cp/town_ws/install/village_wang/share/village_wang/environment/path.sh
[6.803s] -- Installing: /home/cp/town_ws/install/village_wang/share/village_wang/environment/path.dsv
[6.804s] -- Installing: /home/cp/town_ws/install/village_wang/share/village_wang/local_setup.bash
[6.804s] -- Installing: /home/cp/town_ws/install/village_wang/share/village_wang/local_setup.sh
[6.804s] -- Installing: /home/cp/town_ws/install/village_wang/share/village_wang/local_setup.zsh
[6.804s] -- Installing: /home/cp/town_ws/install/village_wang/share/village_wang/local_setup.dsv
[6.804s] -- Installing: /home/cp/town_ws/install/village_wang/share/village_wang/package.dsv
[6.804s] -- Installing: /home/cp/town_ws/install/village_wang/share/ament_index/resource_index/packages/village_wang
[6.804s] -- Installing: /home/cp/town_ws/install/village_wang/share/village_wang/cmake/village_wangConfig.cmake
[6.804s] -- Installing: /home/cp/town_ws/install/village_wang/share/village_wang/cmake/village_wangConfig-version.cmake
[6.804s] -- Installing: /home/cp/town_ws/install/village_wang/share/village_wang/package.xml
[6.807s] Invoked command in '/home/cp/town_ws/build/village_wang' returned '0': CMAKE_PREFIX_PATH=/opt/ros/humble /usr/bin/cmake --install /home/cp/town_ws/build/village_wang
