[0.210s] Invoking command in '/home/cp/town_ws/build/village_zhang': CMAKE_PREFIX_PATH=/home/cp/town_ws/install/village_interfaces:/home/cp/town_ws/install/village_zhang:/home/cp/town_ws/install/village_wang:/home/cp/town_ws/install/example_py:/opt/ros/humble LD_LIBRARY_PATH=/home/cp/town_ws/install/village_interfaces/lib:/usr/lib/x86_64-linux-gnu/gazebo-11/plugins:/opt/ros/humble/opt/rviz_ogre_vendor/lib:/opt/ros/humble/lib/x86_64-linux-gnu:/opt/ros/humble/lib:/usr/share/gazebo/../../lib/x86_64-linux-gnu/gazebo-11/plugins:/usr/share/gazebo/../../lib/x86_64-linux-gnu/gazebo-11/plugins:/usr/share/gazebo/../../lib/x86_64-linux-gnu/gazebo-11/plugins /usr/bin/cmake --build /home/cp/town_ws/build/village_zhang -- -j16 -l16
[0.259s] [100%] Built target zhang3_node
[0.269s] Invoked command in '/home/cp/town_ws/build/village_zhang' returned '0': CMAKE_PREFIX_PATH=/home/cp/town_ws/install/village_interfaces:/home/cp/town_ws/install/village_zhang:/home/cp/town_ws/install/village_wang:/home/cp/town_ws/install/example_py:/opt/ros/humble LD_LIBRARY_PATH=/home/cp/town_ws/install/village_interfaces/lib:/usr/lib/x86_64-linux-gnu/gazebo-11/plugins:/opt/ros/humble/opt/rviz_ogre_vendor/lib:/opt/ros/humble/lib/x86_64-linux-gnu:/opt/ros/humble/lib:/usr/share/gazebo/../../lib/x86_64-linux-gnu/gazebo-11/plugins:/usr/share/gazebo/../../lib/x86_64-linux-gnu/gazebo-11/plugins:/usr/share/gazebo/../../lib/x86_64-linux-gnu/gazebo-11/plugins /usr/bin/cmake --build /home/cp/town_ws/build/village_zhang -- -j16 -l16
[0.298s] Invoking command in '/home/cp/town_ws/build/village_zhang': CMAKE_PREFIX_PATH=/home/cp/town_ws/install/village_interfaces:/home/cp/town_ws/install/village_zhang:/home/cp/town_ws/install/village_wang:/home/cp/town_ws/install/example_py:/opt/ros/humble LD_LIBRARY_PATH=/home/cp/town_ws/install/village_interfaces/lib:/usr/lib/x86_64-linux-gnu/gazebo-11/plugins:/opt/ros/humble/opt/rviz_ogre_vendor/lib:/opt/ros/humble/lib/x86_64-linux-gnu:/opt/ros/humble/lib:/usr/share/gazebo/../../lib/x86_64-linux-gnu/gazebo-11/plugins:/usr/share/gazebo/../../lib/x86_64-linux-gnu/gazebo-11/plugins:/usr/share/gazebo/../../lib/x86_64-linux-gnu/gazebo-11/plugins /usr/bin/cmake --install /home/cp/town_ws/build/village_zhang
[0.305s] -- Install configuration: ""
[0.305s] -- Up-to-date: /home/cp/town_ws/install/village_zhang/lib/village_zhang/zhang3_node
[0.305s] -- Up-to-date: /home/cp/town_ws/install/village_zhang/share/ament_index/resource_index/package_run_dependencies/village_zhang
[0.305s] -- Up-to-date: /home/cp/town_ws/install/village_zhang/share/ament_index/resource_index/parent_prefix_path/village_zhang
[0.305s] -- Up-to-date: /home/cp/town_ws/install/village_zhang/share/village_zhang/environment/ament_prefix_path.sh
[0.305s] -- Up-to-date: /home/cp/town_ws/install/village_zhang/share/village_zhang/environment/ament_prefix_path.dsv
[0.305s] -- Up-to-date: /home/cp/town_ws/install/village_zhang/share/village_zhang/environment/path.sh
[0.305s] -- Up-to-date: /home/cp/town_ws/install/village_zhang/share/village_zhang/environment/path.dsv
[0.305s] -- Up-to-date: /home/cp/town_ws/install/village_zhang/share/village_zhang/local_setup.bash
[0.305s] -- Up-to-date: /home/cp/town_ws/install/village_zhang/share/village_zhang/local_setup.sh
[0.305s] -- Up-to-date: /home/cp/town_ws/install/village_zhang/share/village_zhang/local_setup.zsh
[0.305s] -- Up-to-date: /home/cp/town_ws/install/village_zhang/share/village_zhang/local_setup.dsv
[0.305s] -- Installing: /home/cp/town_ws/install/village_zhang/share/village_zhang/package.dsv
[0.305s] -- Up-to-date: /home/cp/town_ws/install/village_zhang/share/ament_index/resource_index/packages/village_zhang
[0.305s] -- Up-to-date: /home/cp/town_ws/install/village_zhang/share/village_zhang/cmake/village_zhangConfig.cmake
[0.306s] -- Up-to-date: /home/cp/town_ws/install/village_zhang/share/village_zhang/cmake/village_zhangConfig-version.cmake
[0.306s] -- Up-to-date: /home/cp/town_ws/install/village_zhang/share/village_zhang/package.xml
[0.312s] Invoked command in '/home/cp/town_ws/build/village_zhang' returned '0': CMAKE_PREFIX_PATH=/home/cp/town_ws/install/village_interfaces:/home/cp/town_ws/install/village_zhang:/home/cp/town_ws/install/village_wang:/home/cp/town_ws/install/example_py:/opt/ros/humble LD_LIBRARY_PATH=/home/cp/town_ws/install/village_interfaces/lib:/usr/lib/x86_64-linux-gnu/gazebo-11/plugins:/opt/ros/humble/opt/rviz_ogre_vendor/lib:/opt/ros/humble/lib/x86_64-linux-gnu:/opt/ros/humble/lib:/usr/share/gazebo/../../lib/x86_64-linux-gnu/gazebo-11/plugins:/usr/share/gazebo/../../lib/x86_64-linux-gnu/gazebo-11/plugins:/usr/share/gazebo/../../lib/x86_64-linux-gnu/gazebo-11/plugins /usr/bin/cmake --install /home/cp/town_ws/build/village_zhang
