[0.086s] DEBUG:colcon:Command line arguments: ['/usr/bin/colcon', 'build', '--packages-select', 'village_zhang']
[0.086s] DEBUG:colcon:Parsed command line arguments: Namespace(log_base=None, log_level=None, verb_name='build', build_base='build', install_base='install', merge_install=False, symlink_install=False, test_result_base=None, continue_on_error=False, executor='parallel', parallel_workers=16, event_handlers=None, ignore_user_meta=False, metas=['./colcon.meta'], base_paths=['.'], packages_ignore=None, packages_ignore_regex=None, paths=None, packages_up_to=None, packages_up_to_regex=None, packages_above=None, packages_above_and_dependencies=None, packages_above_depth=None, packages_select_by_dep=None, packages_skip_by_dep=None, packages_skip_up_to=None, packages_select_build_failed=False, packages_skip_build_finished=False, packages_select_test_failures=False, packages_skip_test_passed=False, packages_select=['village_zhang'], packages_skip=None, packages_select_regex=None, packages_skip_regex=None, packages_start=None, packages_end=None, allow_overriding=[], cmake_args=None, cmake_target=None, cmake_target_skip_unavailable=False, cmake_clean_cache=False, cmake_clean_first=False, cmake_force_configure=False, ament_cmake_args=None, catkin_cmake_args=None, catkin_skip_building_tests=False, mixin_files=None, mixin=None, verb_parser=<colcon_mixin.mixin.mixin_argument.MixinArgumentDecorator object at 0x7248ee12f460>, verb_extension=<colcon_core.verb.build.BuildVerb object at 0x7248ee2e8df0>, main=<bound method BuildVerb.main of <colcon_core.verb.build.BuildVerb object at 0x7248ee2e8df0>>, mixin_verb=('build',))
[0.228s] Level 1:colcon.colcon_core.package_discovery:discover_packages(colcon_meta) check parameters
[0.228s] Level 1:colcon.colcon_core.package_discovery:discover_packages(recursive) check parameters
[0.228s] Level 1:colcon.colcon_core.package_discovery:discover_packages(ignore) check parameters
[0.228s] Level 1:colcon.colcon_core.package_discovery:discover_packages(path) check parameters
[0.228s] Level 1:colcon.colcon_core.package_discovery:discover_packages(colcon_meta) discover
[0.228s] Level 1:colcon.colcon_core.package_discovery:discover_packages(recursive) discover
[0.228s] INFO:colcon.colcon_core.package_discovery:Crawling recursively for packages in '/home/cp/town_ws'
[0.228s] Level 1:colcon.colcon_core.package_identification:_identify(.) by extensions ['ignore', 'ignore_ament_install']
[0.229s] Level 1:colcon.colcon_core.package_identification:_identify(.) by extension 'ignore'
[0.229s] Level 1:colcon.colcon_core.package_identification:_identify(.) by extension 'ignore_ament_install'
[0.229s] Level 1:colcon.colcon_core.package_identification:_identify(.) by extensions ['colcon_pkg']
[0.229s] Level 1:colcon.colcon_core.package_identification:_identify(.) by extension 'colcon_pkg'
[0.229s] Level 1:colcon.colcon_core.package_identification:_identify(.) by extensions ['colcon_meta']
[0.229s] Level 1:colcon.colcon_core.package_identification:_identify(.) by extension 'colcon_meta'
[0.229s] Level 1:colcon.colcon_core.package_identification:_identify(.) by extensions ['ros']
[0.229s] Level 1:colcon.colcon_core.package_identification:_identify(.) by extension 'ros'
[0.236s] Level 1:colcon.colcon_core.package_identification:_identify(.) by extensions ['cmake', 'python']
[0.236s] Level 1:colcon.colcon_core.package_identification:_identify(.) by extension 'cmake'
[0.237s] Level 1:colcon.colcon_core.package_identification:_identify(.) by extension 'python'
[0.237s] Level 1:colcon.colcon_core.package_identification:_identify(.) by extensions ['python_setup_py']
[0.237s] Level 1:colcon.colcon_core.package_identification:_identify(.) by extension 'python_setup_py'
[0.237s] Level 1:colcon.colcon_core.package_identification:_identify(build) by extensions ['ignore', 'ignore_ament_install']
[0.237s] Level 1:colcon.colcon_core.package_identification:_identify(build) by extension 'ignore'
[0.237s] Level 1:colcon.colcon_core.package_identification:_identify(build) ignored
[0.237s] Level 1:colcon.colcon_core.package_identification:_identify(install) by extensions ['ignore', 'ignore_ament_install']
[0.237s] Level 1:colcon.colcon_core.package_identification:_identify(install) by extension 'ignore'
[0.237s] Level 1:colcon.colcon_core.package_identification:_identify(install) ignored
[0.237s] Level 1:colcon.colcon_core.package_identification:_identify(log) by extensions ['ignore', 'ignore_ament_install']
[0.237s] Level 1:colcon.colcon_core.package_identification:_identify(log) by extension 'ignore'
[0.237s] Level 1:colcon.colcon_core.package_identification:_identify(log) ignored
[0.237s] Level 1:colcon.colcon_core.package_identification:_identify(src) by extensions ['ignore', 'ignore_ament_install']
[0.237s] Level 1:colcon.colcon_core.package_identification:_identify(src) by extension 'ignore'
[0.237s] Level 1:colcon.colcon_core.package_identification:_identify(src) by extension 'ignore_ament_install'
[0.237s] Level 1:colcon.colcon_core.package_identification:_identify(src) by extensions ['colcon_pkg']
[0.237s] Level 1:colcon.colcon_core.package_identification:_identify(src) by extension 'colcon_pkg'
[0.237s] Level 1:colcon.colcon_core.package_identification:_identify(src) by extensions ['colcon_meta']
[0.238s] Level 1:colcon.colcon_core.package_identification:_identify(src) by extension 'colcon_meta'
[0.238s] Level 1:colcon.colcon_core.package_identification:_identify(src) by extensions ['ros']
[0.238s] Level 1:colcon.colcon_core.package_identification:_identify(src) by extension 'ros'
[0.238s] Level 1:colcon.colcon_core.package_identification:_identify(src) by extensions ['cmake', 'python']
[0.238s] Level 1:colcon.colcon_core.package_identification:_identify(src) by extension 'cmake'
[0.238s] Level 1:colcon.colcon_core.package_identification:_identify(src) by extension 'python'
[0.238s] Level 1:colcon.colcon_core.package_identification:_identify(src) by extensions ['python_setup_py']
[0.238s] Level 1:colcon.colcon_core.package_identification:_identify(src) by extension 'python_setup_py'
[0.238s] Level 1:colcon.colcon_core.package_identification:_identify(src/example_py) by extensions ['ignore', 'ignore_ament_install']
[0.238s] Level 1:colcon.colcon_core.package_identification:_identify(src/example_py) by extension 'ignore'
[0.238s] Level 1:colcon.colcon_core.package_identification:_identify(src/example_py) by extension 'ignore_ament_install'
[0.238s] Level 1:colcon.colcon_core.package_identification:_identify(src/example_py) by extensions ['colcon_pkg']
[0.238s] Level 1:colcon.colcon_core.package_identification:_identify(src/example_py) by extension 'colcon_pkg'
[0.238s] Level 1:colcon.colcon_core.package_identification:_identify(src/example_py) by extensions ['colcon_meta']
[0.238s] Level 1:colcon.colcon_core.package_identification:_identify(src/example_py) by extension 'colcon_meta'
[0.238s] Level 1:colcon.colcon_core.package_identification:_identify(src/example_py) by extensions ['ros']
[0.238s] Level 1:colcon.colcon_core.package_identification:_identify(src/example_py) by extension 'ros'
[0.240s] DEBUG:colcon.colcon_core.package_identification:Package 'src/example_py' with type 'ros.ament_python' and name 'example_py'
[0.240s] Level 1:colcon.colcon_core.package_identification:_identify(src/village_interfaces) by extensions ['ignore', 'ignore_ament_install']
[0.240s] Level 1:colcon.colcon_core.package_identification:_identify(src/village_interfaces) by extension 'ignore'
[0.240s] Level 1:colcon.colcon_core.package_identification:_identify(src/village_interfaces) by extension 'ignore_ament_install'
[0.240s] Level 1:colcon.colcon_core.package_identification:_identify(src/village_interfaces) by extensions ['colcon_pkg']
[0.240s] Level 1:colcon.colcon_core.package_identification:_identify(src/village_interfaces) by extension 'colcon_pkg'
[0.240s] Level 1:colcon.colcon_core.package_identification:_identify(src/village_interfaces) by extensions ['colcon_meta']
[0.240s] Level 1:colcon.colcon_core.package_identification:_identify(src/village_interfaces) by extension 'colcon_meta'
[0.240s] Level 1:colcon.colcon_core.package_identification:_identify(src/village_interfaces) by extensions ['ros']
[0.240s] Level 1:colcon.colcon_core.package_identification:_identify(src/village_interfaces) by extension 'ros'
[0.241s] DEBUG:colcon.colcon_core.package_identification:Package 'src/village_interfaces' with type 'ros.ament_cmake' and name 'village_interfaces'
[0.241s] Level 1:colcon.colcon_core.package_identification:_identify(src/village_wang) by extensions ['ignore', 'ignore_ament_install']
[0.241s] Level 1:colcon.colcon_core.package_identification:_identify(src/village_wang) by extension 'ignore'
[0.241s] Level 1:colcon.colcon_core.package_identification:_identify(src/village_wang) by extension 'ignore_ament_install'
[0.241s] Level 1:colcon.colcon_core.package_identification:_identify(src/village_wang) by extensions ['colcon_pkg']
[0.241s] Level 1:colcon.colcon_core.package_identification:_identify(src/village_wang) by extension 'colcon_pkg'
[0.241s] Level 1:colcon.colcon_core.package_identification:_identify(src/village_wang) by extensions ['colcon_meta']
[0.241s] Level 1:colcon.colcon_core.package_identification:_identify(src/village_wang) by extension 'colcon_meta'
[0.241s] Level 1:colcon.colcon_core.package_identification:_identify(src/village_wang) by extensions ['ros']
[0.241s] Level 1:colcon.colcon_core.package_identification:_identify(src/village_wang) by extension 'ros'
[0.241s] DEBUG:colcon.colcon_core.package_identification:Package 'src/village_wang' with type 'ros.ament_cmake' and name 'village_wang'
[0.241s] Level 1:colcon.colcon_core.package_identification:_identify(src/village_zhang) by extensions ['ignore', 'ignore_ament_install']
[0.242s] Level 1:colcon.colcon_core.package_identification:_identify(src/village_zhang) by extension 'ignore'
[0.242s] Level 1:colcon.colcon_core.package_identification:_identify(src/village_zhang) by extension 'ignore_ament_install'
[0.242s] Level 1:colcon.colcon_core.package_identification:_identify(src/village_zhang) by extensions ['colcon_pkg']
[0.242s] Level 1:colcon.colcon_core.package_identification:_identify(src/village_zhang) by extension 'colcon_pkg'
[0.242s] Level 1:colcon.colcon_core.package_identification:_identify(src/village_zhang) by extensions ['colcon_meta']
[0.242s] Level 1:colcon.colcon_core.package_identification:_identify(src/village_zhang) by extension 'colcon_meta'
[0.242s] Level 1:colcon.colcon_core.package_identification:_identify(src/village_zhang) by extensions ['ros']
[0.242s] Level 1:colcon.colcon_core.package_identification:_identify(src/village_zhang) by extension 'ros'
[0.242s] DEBUG:colcon.colcon_core.package_identification:Package 'src/village_zhang' with type 'ros.ament_cmake' and name 'village_zhang'
[0.242s] Level 1:colcon.colcon_core.package_discovery:discover_packages(recursive) using defaults
[0.242s] Level 1:colcon.colcon_core.package_discovery:discover_packages(ignore) discover
[0.242s] Level 1:colcon.colcon_core.package_discovery:discover_packages(ignore) using defaults
[0.242s] Level 1:colcon.colcon_core.package_discovery:discover_packages(path) discover
[0.242s] Level 1:colcon.colcon_core.package_discovery:discover_packages(path) using defaults
[0.265s] INFO:colcon.colcon_core.package_selection:Skipping not selected package 'village_interfaces' in 'src/village_interfaces'
[0.265s] INFO:colcon.colcon_core.package_selection:Skipping not selected package 'example_py' in 'src/example_py'
[0.265s] INFO:colcon.colcon_core.package_selection:Skipping not selected package 'village_wang' in 'src/village_wang'
[0.265s] Level 1:colcon.colcon_core.package_discovery:discover_packages(prefix_path) check parameters
[0.265s] Level 1:colcon.colcon_core.package_discovery:discover_packages(prefix_path) discover
[0.266s] DEBUG:colcon.colcon_installed_package_information.package_discovery:Found 3 installed packages in /home/cp/town_ws/install
[0.268s] DEBUG:colcon.colcon_installed_package_information.package_discovery:Found 383 installed packages in /opt/ros/humble
[0.269s] Level 1:colcon.colcon_core.package_discovery:discover_packages(prefix_path) using defaults
[0.301s] Level 5:colcon.colcon_core.verb:set package 'village_zhang' build argument 'cmake_args' from command line to 'None'
[0.301s] Level 5:colcon.colcon_core.verb:set package 'village_zhang' build argument 'cmake_target' from command line to 'None'
[0.301s] Level 5:colcon.colcon_core.verb:set package 'village_zhang' build argument 'cmake_target_skip_unavailable' from command line to 'False'
[0.301s] Level 5:colcon.colcon_core.verb:set package 'village_zhang' build argument 'cmake_clean_cache' from command line to 'False'
[0.301s] Level 5:colcon.colcon_core.verb:set package 'village_zhang' build argument 'cmake_clean_first' from command line to 'False'
[0.301s] Level 5:colcon.colcon_core.verb:set package 'village_zhang' build argument 'cmake_force_configure' from command line to 'False'
[0.301s] Level 5:colcon.colcon_core.verb:set package 'village_zhang' build argument 'ament_cmake_args' from command line to 'None'
[0.301s] Level 5:colcon.colcon_core.verb:set package 'village_zhang' build argument 'catkin_cmake_args' from command line to 'None'
[0.301s] Level 5:colcon.colcon_core.verb:set package 'village_zhang' build argument 'catkin_skip_building_tests' from command line to 'False'
[0.301s] DEBUG:colcon.colcon_core.verb:Building package 'village_zhang' with the following arguments: {'ament_cmake_args': None, 'build_base': '/home/cp/town_ws/build/village_zhang', 'catkin_cmake_args': None, 'catkin_skip_building_tests': False, 'cmake_args': None, 'cmake_clean_cache': False, 'cmake_clean_first': False, 'cmake_force_configure': False, 'cmake_target': None, 'cmake_target_skip_unavailable': False, 'install_base': '/home/cp/town_ws/install/village_zhang', 'merge_install': False, 'path': '/home/cp/town_ws/src/village_zhang', 'symlink_install': False, 'test_result_base': None}
[0.302s] INFO:colcon.colcon_core.executor:Executing jobs using 'parallel' executor
[0.302s] DEBUG:colcon.colcon_parallel_executor.executor.parallel:run_until_complete
[0.303s] INFO:colcon.colcon_ros.task.ament_cmake.build:Building ROS package in '/home/cp/town_ws/src/village_zhang' with build type 'ament_cmake'
[0.303s] INFO:colcon.colcon_cmake.task.cmake.build:Building CMake package in '/home/cp/town_ws/src/village_zhang'
[0.304s] INFO:colcon.colcon_core.plugin_system:Skipping extension 'colcon_core.shell.bat': Not used on non-Windows systems
[0.305s] INFO:colcon.colcon_core.shell:Skip shell extension 'powershell' for command environment: Not usable outside of PowerShell
[0.305s] DEBUG:colcon.colcon_core.shell:Skip shell extension 'dsv' for command environment
[0.319s] DEBUG:colcon.colcon_core.event_handler.log_command:Invoking command in '/home/cp/town_ws/build/village_zhang': CMAKE_PREFIX_PATH=/home/cp/town_ws/install/village_interfaces:/home/cp/town_ws/install/village_wang:/home/cp/town_ws/install/example_py:/opt/ros/humble LD_LIBRARY_PATH=/home/cp/town_ws/install/village_interfaces/lib:/usr/lib/x86_64-linux-gnu/gazebo-11/plugins:/opt/ros/humble/opt/rviz_ogre_vendor/lib:/opt/ros/humble/lib/x86_64-linux-gnu:/opt/ros/humble/lib:/usr/share/gazebo/../../lib/x86_64-linux-gnu/gazebo-11/plugins:/usr/share/gazebo/../../lib/x86_64-linux-gnu/gazebo-11/plugins:/usr/share/gazebo/../../lib/x86_64-linux-gnu/gazebo-11/plugins /usr/bin/cmake /home/cp/town_ws/src/village_zhang -DCMAKE_INSTALL_PREFIX=/home/cp/town_ws/install/village_zhang
[1.589s] DEBUG:colcon.colcon_core.event_handler.log_command:Invoked command in '/home/cp/town_ws/build/village_zhang' returned '0': CMAKE_PREFIX_PATH=/home/cp/town_ws/install/village_interfaces:/home/cp/town_ws/install/village_wang:/home/cp/town_ws/install/example_py:/opt/ros/humble LD_LIBRARY_PATH=/home/cp/town_ws/install/village_interfaces/lib:/usr/lib/x86_64-linux-gnu/gazebo-11/plugins:/opt/ros/humble/opt/rviz_ogre_vendor/lib:/opt/ros/humble/lib/x86_64-linux-gnu:/opt/ros/humble/lib:/usr/share/gazebo/../../lib/x86_64-linux-gnu/gazebo-11/plugins:/usr/share/gazebo/../../lib/x86_64-linux-gnu/gazebo-11/plugins:/usr/share/gazebo/../../lib/x86_64-linux-gnu/gazebo-11/plugins /usr/bin/cmake /home/cp/town_ws/src/village_zhang -DCMAKE_INSTALL_PREFIX=/home/cp/town_ws/install/village_zhang
[1.591s] DEBUG:colcon.colcon_core.event_handler.log_command:Invoking command in '/home/cp/town_ws/build/village_zhang': CMAKE_PREFIX_PATH=/home/cp/town_ws/install/village_interfaces:/home/cp/town_ws/install/village_wang:/home/cp/town_ws/install/example_py:/opt/ros/humble LD_LIBRARY_PATH=/home/cp/town_ws/install/village_interfaces/lib:/usr/lib/x86_64-linux-gnu/gazebo-11/plugins:/opt/ros/humble/opt/rviz_ogre_vendor/lib:/opt/ros/humble/lib/x86_64-linux-gnu:/opt/ros/humble/lib:/usr/share/gazebo/../../lib/x86_64-linux-gnu/gazebo-11/plugins:/usr/share/gazebo/../../lib/x86_64-linux-gnu/gazebo-11/plugins:/usr/share/gazebo/../../lib/x86_64-linux-gnu/gazebo-11/plugins /usr/bin/cmake --build /home/cp/town_ws/build/village_zhang -- -j16 -l16
[1.634s] DEBUG:colcon.colcon_core.event_handler.log_command:Invoked command in '/home/cp/town_ws/build/village_zhang' returned '0': CMAKE_PREFIX_PATH=/home/cp/town_ws/install/village_interfaces:/home/cp/town_ws/install/village_wang:/home/cp/town_ws/install/example_py:/opt/ros/humble LD_LIBRARY_PATH=/home/cp/town_ws/install/village_interfaces/lib:/usr/lib/x86_64-linux-gnu/gazebo-11/plugins:/opt/ros/humble/opt/rviz_ogre_vendor/lib:/opt/ros/humble/lib/x86_64-linux-gnu:/opt/ros/humble/lib:/usr/share/gazebo/../../lib/x86_64-linux-gnu/gazebo-11/plugins:/usr/share/gazebo/../../lib/x86_64-linux-gnu/gazebo-11/plugins:/usr/share/gazebo/../../lib/x86_64-linux-gnu/gazebo-11/plugins /usr/bin/cmake --build /home/cp/town_ws/build/village_zhang -- -j16 -l16
[1.675s] DEBUG:colcon.colcon_core.event_handler.log_command:Invoking command in '/home/cp/town_ws/build/village_zhang': CMAKE_PREFIX_PATH=/home/cp/town_ws/install/village_interfaces:/home/cp/town_ws/install/village_wang:/home/cp/town_ws/install/example_py:/opt/ros/humble LD_LIBRARY_PATH=/home/cp/town_ws/install/village_interfaces/lib:/usr/lib/x86_64-linux-gnu/gazebo-11/plugins:/opt/ros/humble/opt/rviz_ogre_vendor/lib:/opt/ros/humble/lib/x86_64-linux-gnu:/opt/ros/humble/lib:/usr/share/gazebo/../../lib/x86_64-linux-gnu/gazebo-11/plugins:/usr/share/gazebo/../../lib/x86_64-linux-gnu/gazebo-11/plugins:/usr/share/gazebo/../../lib/x86_64-linux-gnu/gazebo-11/plugins /usr/bin/cmake --install /home/cp/town_ws/build/village_zhang
[1.685s] Level 1:colcon.colcon_core.environment:create_environment_scripts_only(village_zhang)
[1.686s] DEBUG:colcon.colcon_core.event_handler.log_command:Invoked command in '/home/cp/town_ws/build/village_zhang' returned '0': CMAKE_PREFIX_PATH=/home/cp/town_ws/install/village_interfaces:/home/cp/town_ws/install/village_wang:/home/cp/town_ws/install/example_py:/opt/ros/humble LD_LIBRARY_PATH=/home/cp/town_ws/install/village_interfaces/lib:/usr/lib/x86_64-linux-gnu/gazebo-11/plugins:/opt/ros/humble/opt/rviz_ogre_vendor/lib:/opt/ros/humble/lib/x86_64-linux-gnu:/opt/ros/humble/lib:/usr/share/gazebo/../../lib/x86_64-linux-gnu/gazebo-11/plugins:/usr/share/gazebo/../../lib/x86_64-linux-gnu/gazebo-11/plugins:/usr/share/gazebo/../../lib/x86_64-linux-gnu/gazebo-11/plugins /usr/bin/cmake --install /home/cp/town_ws/build/village_zhang
[1.688s] Level 1:colcon.colcon_core.environment:checking '/home/cp/town_ws/install/village_zhang' for CMake module files
[1.688s] Level 1:colcon.colcon_core.environment:checking '/home/cp/town_ws/install/village_zhang' for CMake config files
[1.688s] Level 1:colcon.colcon_core.shell:create_environment_hook('village_zhang', 'cmake_prefix_path')
[1.688s] INFO:colcon.colcon_core.shell:Creating environment hook '/home/cp/town_ws/install/village_zhang/share/village_zhang/hook/cmake_prefix_path.ps1'
[1.689s] INFO:colcon.colcon_core.shell:Creating environment descriptor '/home/cp/town_ws/install/village_zhang/share/village_zhang/hook/cmake_prefix_path.dsv'
[1.689s] INFO:colcon.colcon_core.shell:Creating environment hook '/home/cp/town_ws/install/village_zhang/share/village_zhang/hook/cmake_prefix_path.sh'
[1.690s] Level 1:colcon.colcon_core.environment:checking '/home/cp/town_ws/install/village_zhang/bin'
[1.690s] Level 1:colcon.colcon_core.environment:checking '/home/cp/town_ws/install/village_zhang/lib/pkgconfig/village_zhang.pc'
[1.690s] Level 1:colcon.colcon_core.environment:checking '/home/cp/town_ws/install/village_zhang/lib/python3.10/site-packages'
[1.690s] Level 1:colcon.colcon_core.environment:checking '/home/cp/town_ws/install/village_zhang/bin'
[1.690s] INFO:colcon.colcon_core.shell:Creating package script '/home/cp/town_ws/install/village_zhang/share/village_zhang/package.ps1'
[1.691s] INFO:colcon.colcon_core.shell:Creating package descriptor '/home/cp/town_ws/install/village_zhang/share/village_zhang/package.dsv'
[1.691s] INFO:colcon.colcon_core.shell:Creating package script '/home/cp/town_ws/install/village_zhang/share/village_zhang/package.sh'
[1.691s] INFO:colcon.colcon_core.shell:Creating package script '/home/cp/town_ws/install/village_zhang/share/village_zhang/package.bash'
[1.692s] INFO:colcon.colcon_core.shell:Creating package script '/home/cp/town_ws/install/village_zhang/share/village_zhang/package.zsh'
[1.692s] Level 1:colcon.colcon_core.environment:create_file_with_runtime_dependencies(/home/cp/town_ws/install/village_zhang/share/colcon-core/packages/village_zhang)
[1.721s] Level 1:colcon.colcon_core.environment:create_environment_scripts_only(village_zhang)
[1.721s] Level 1:colcon.colcon_core.environment:checking '/home/cp/town_ws/install/village_zhang' for CMake module files
[1.722s] Level 1:colcon.colcon_core.environment:checking '/home/cp/town_ws/install/village_zhang' for CMake config files
[1.722s] Level 1:colcon.colcon_core.shell:create_environment_hook('village_zhang', 'cmake_prefix_path')
[1.722s] INFO:colcon.colcon_core.shell:Creating environment hook '/home/cp/town_ws/install/village_zhang/share/village_zhang/hook/cmake_prefix_path.ps1'
[1.722s] INFO:colcon.colcon_core.shell:Creating environment descriptor '/home/cp/town_ws/install/village_zhang/share/village_zhang/hook/cmake_prefix_path.dsv'
[1.722s] INFO:colcon.colcon_core.shell:Creating environment hook '/home/cp/town_ws/install/village_zhang/share/village_zhang/hook/cmake_prefix_path.sh'
[1.723s] Level 1:colcon.colcon_core.environment:checking '/home/cp/town_ws/install/village_zhang/bin'
[1.723s] Level 1:colcon.colcon_core.environment:checking '/home/cp/town_ws/install/village_zhang/lib/pkgconfig/village_zhang.pc'
[1.723s] Level 1:colcon.colcon_core.environment:checking '/home/cp/town_ws/install/village_zhang/lib/python3.10/site-packages'
[1.723s] Level 1:colcon.colcon_core.environment:checking '/home/cp/town_ws/install/village_zhang/bin'
[1.723s] INFO:colcon.colcon_core.shell:Creating package script '/home/cp/town_ws/install/village_zhang/share/village_zhang/package.ps1'
[1.724s] INFO:colcon.colcon_core.shell:Creating package descriptor '/home/cp/town_ws/install/village_zhang/share/village_zhang/package.dsv'
[1.724s] INFO:colcon.colcon_core.shell:Creating package script '/home/cp/town_ws/install/village_zhang/share/village_zhang/package.sh'
[1.724s] INFO:colcon.colcon_core.shell:Creating package script '/home/cp/town_ws/install/village_zhang/share/village_zhang/package.bash'
[1.724s] INFO:colcon.colcon_core.shell:Creating package script '/home/cp/town_ws/install/village_zhang/share/village_zhang/package.zsh'
[1.725s] Level 1:colcon.colcon_core.environment:create_file_with_runtime_dependencies(/home/cp/town_ws/install/village_zhang/share/colcon-core/packages/village_zhang)
[1.725s] DEBUG:colcon.colcon_parallel_executor.executor.parallel:closing loop
[1.725s] DEBUG:colcon.colcon_parallel_executor.executor.parallel:loop closed
[1.725s] DEBUG:colcon.colcon_parallel_executor.executor.parallel:run_until_complete finished with '0'
[1.725s] DEBUG:colcon.colcon_core.event_reactor:joining thread
[1.729s] INFO:colcon.colcon_core.plugin_system:Skipping extension 'colcon_notification.desktop_notification.terminal_notifier': Not used on non-Darwin systems
[1.729s] INFO:colcon.colcon_core.plugin_system:Skipping extension 'colcon_notification.desktop_notification.win32': Not used on non-Windows systems
[1.729s] INFO:colcon.colcon_notification.desktop_notification:Sending desktop notification using 'notify2'
[1.740s] DEBUG:colcon.colcon_core.event_reactor:joined thread
[1.741s] INFO:colcon.colcon_core.shell:Creating prefix script '/home/cp/town_ws/install/local_setup.ps1'
[1.741s] INFO:colcon.colcon_core.shell:Creating prefix util module '/home/cp/town_ws/install/_local_setup_util_ps1.py'
[1.742s] INFO:colcon.colcon_core.shell:Creating prefix chain script '/home/cp/town_ws/install/setup.ps1'
[1.743s] INFO:colcon.colcon_core.shell:Creating prefix script '/home/cp/town_ws/install/local_setup.sh'
[1.743s] INFO:colcon.colcon_core.shell:Creating prefix util module '/home/cp/town_ws/install/_local_setup_util_sh.py'
[1.744s] INFO:colcon.colcon_core.shell:Creating prefix chain script '/home/cp/town_ws/install/setup.sh'
[1.744s] INFO:colcon.colcon_core.shell:Creating prefix script '/home/cp/town_ws/install/local_setup.bash'
[1.745s] INFO:colcon.colcon_core.shell:Creating prefix chain script '/home/cp/town_ws/install/setup.bash'
[1.745s] INFO:colcon.colcon_core.shell:Creating prefix script '/home/cp/town_ws/install/local_setup.zsh'
[1.746s] INFO:colcon.colcon_core.shell:Creating prefix chain script '/home/cp/town_ws/install/setup.zsh'
