[35m[1mConsolidate compiler generated dependencies of target village_interfaces__rosidl_generator_c[0m
[  2%] Built target village_interfaces__cpp
[ 12%] Built target village_interfaces__rosidl_generator_c
[ 12%] Built target ament_cmake_python_copy_village_interfaces
[35m[1mConsolidate compiler generated dependencies of target village_interfaces__rosidl_typesupport_introspection_cpp[0m
[35m[1mConsolidate compiler generated dependencies of target village_interfaces__rosidl_typesupport_cpp[0m
[35m[1mConsolidate compiler generated dependencies of target village_interfaces__rosidl_typesupport_fastrtps_cpp[0m
[35m[1mConsolidate compiler generated dependencies of target village_interfaces__rosidl_typesupport_c[0m
[35m[1mConsolidate compiler generated dependencies of target village_interfaces__rosidl_typesupport_introspection_c[0m
[35m[1mConsolidate compiler generated dependencies of target village_interfaces__rosidl_typesupport_fastrtps_c[0m
[ 23%] Built target village_interfaces__rosidl_typesupport_c
[ 42%] Built target village_interfaces__rosidl_typesupport_cpp
[ 44%] Built target village_interfaces__rosidl_typesupport_introspection_cpp
[ 55%] Built target village_interfaces__rosidl_typesupport_fastrtps_cpp
[ 65%] Built target village_interfaces__rosidl_typesupport_introspection_c
[ 76%] Built target village_interfaces__rosidl_typesupport_fastrtps_c
[ 76%] Built target village_interfaces
[ 78%] Built target village_interfaces__py
[35m[1mConsolidate compiler generated dependencies of target village_interfaces__rosidl_generator_py[0m
[ 87%] Built target village_interfaces__rosidl_generator_py
[35m[1mConsolidate compiler generated dependencies of target village_interfaces__rosidl_typesupport_c__pyext[0m
[35m[1mConsolidate compiler generated dependencies of target village_interfaces__rosidl_typesupport_introspection_c__pyext[0m
[35m[1mConsolidate compiler generated dependencies of target village_interfaces__rosidl_typesupport_fastrtps_c__pyext[0m
[100%] Built target village_interfaces__rosidl_typesupport_fastrtps_c__pyext
[100%] Built target village_interfaces__rosidl_typesupport_c__pyext
[100%] Built target village_interfaces__rosidl_typesupport_introspection_c__pyext
running egg_info
writing village_interfaces.egg-info/PKG-INFO
writing dependency_links to village_interfaces.egg-info/dependency_links.txt
writing top-level names to village_interfaces.egg-info/top_level.txt
reading manifest file 'village_interfaces.egg-info/SOURCES.txt'
writing manifest file 'village_interfaces.egg-info/SOURCES.txt'
[100%] Built target ament_cmake_python_build_village_interfaces_egg
