[0.214s] Invoking command in '/home/cp/town_ws/build/village_wang': CMAKE_PREFIX_PATH=/home/cp/town_ws/install/village_interfaces:/home/cp/town_ws/install/village_zhang:/home/cp/town_ws/install/village_wang:/home/cp/town_ws/install/example_py:/opt/ros/humble LD_LIBRARY_PATH=/home/cp/town_ws/install/village_interfaces/lib:/usr/lib/x86_64-linux-gnu/gazebo-11/plugins:/opt/ros/humble/opt/rviz_ogre_vendor/lib:/opt/ros/humble/lib/x86_64-linux-gnu:/opt/ros/humble/lib:/usr/share/gazebo/../../lib/x86_64-linux-gnu/gazebo-11/plugins:/usr/share/gazebo/../../lib/x86_64-linux-gnu/gazebo-11/plugins:/usr/share/gazebo/../../lib/x86_64-linux-gnu/gazebo-11/plugins /usr/bin/cmake --build /home/cp/town_ws/build/village_wang -- -j16 -l16
[0.267s] [100%] Built target wang2_node
[0.279s] Invoked command in '/home/cp/town_ws/build/village_wang' returned '0': CMAKE_PREFIX_PATH=/home/cp/town_ws/install/village_interfaces:/home/cp/town_ws/install/village_zhang:/home/cp/town_ws/install/village_wang:/home/cp/town_ws/install/example_py:/opt/ros/humble LD_LIBRARY_PATH=/home/cp/town_ws/install/village_interfaces/lib:/usr/lib/x86_64-linux-gnu/gazebo-11/plugins:/opt/ros/humble/opt/rviz_ogre_vendor/lib:/opt/ros/humble/lib/x86_64-linux-gnu:/opt/ros/humble/lib:/usr/share/gazebo/../../lib/x86_64-linux-gnu/gazebo-11/plugins:/usr/share/gazebo/../../lib/x86_64-linux-gnu/gazebo-11/plugins:/usr/share/gazebo/../../lib/x86_64-linux-gnu/gazebo-11/plugins /usr/bin/cmake --build /home/cp/town_ws/build/village_wang -- -j16 -l16
[0.306s] Invoking command in '/home/cp/town_ws/build/village_wang': CMAKE_PREFIX_PATH=/home/cp/town_ws/install/village_interfaces:/home/cp/town_ws/install/village_zhang:/home/cp/town_ws/install/village_wang:/home/cp/town_ws/install/example_py:/opt/ros/humble LD_LIBRARY_PATH=/home/cp/town_ws/install/village_interfaces/lib:/usr/lib/x86_64-linux-gnu/gazebo-11/plugins:/opt/ros/humble/opt/rviz_ogre_vendor/lib:/opt/ros/humble/lib/x86_64-linux-gnu:/opt/ros/humble/lib:/usr/share/gazebo/../../lib/x86_64-linux-gnu/gazebo-11/plugins:/usr/share/gazebo/../../lib/x86_64-linux-gnu/gazebo-11/plugins:/usr/share/gazebo/../../lib/x86_64-linux-gnu/gazebo-11/plugins /usr/bin/cmake --install /home/cp/town_ws/build/village_wang
[0.313s] -- Install configuration: ""
[0.313s] -- Up-to-date: /home/cp/town_ws/install/village_wang/lib/village_wang/wang2_node
[0.313s] -- Up-to-date: /home/cp/town_ws/install/village_wang/share/ament_index/resource_index/package_run_dependencies/village_wang
[0.313s] -- Up-to-date: /home/cp/town_ws/install/village_wang/share/ament_index/resource_index/parent_prefix_path/village_wang
[0.313s] -- Up-to-date: /home/cp/town_ws/install/village_wang/share/village_wang/environment/ament_prefix_path.sh
[0.313s] -- Up-to-date: /home/cp/town_ws/install/village_wang/share/village_wang/environment/ament_prefix_path.dsv
[0.314s] -- Up-to-date: /home/cp/town_ws/install/village_wang/share/village_wang/environment/path.sh
[0.314s] -- Up-to-date: /home/cp/town_ws/install/village_wang/share/village_wang/environment/path.dsv
[0.314s] -- Up-to-date: /home/cp/town_ws/install/village_wang/share/village_wang/local_setup.bash
[0.314s] -- Up-to-date: /home/cp/town_ws/install/village_wang/share/village_wang/local_setup.sh
[0.314s] -- Up-to-date: /home/cp/town_ws/install/village_wang/share/village_wang/local_setup.zsh
[0.314s] -- Up-to-date: /home/cp/town_ws/install/village_wang/share/village_wang/local_setup.dsv
[0.314s] -- Installing: /home/cp/town_ws/install/village_wang/share/village_wang/package.dsv
[0.314s] -- Up-to-date: /home/cp/town_ws/install/village_wang/share/ament_index/resource_index/packages/village_wang
[0.314s] -- Up-to-date: /home/cp/town_ws/install/village_wang/share/village_wang/cmake/village_wangConfig.cmake
[0.314s] -- Up-to-date: /home/cp/town_ws/install/village_wang/share/village_wang/cmake/village_wangConfig-version.cmake
[0.314s] -- Up-to-date: /home/cp/town_ws/install/village_wang/share/village_wang/package.xml
[0.320s] Invoked command in '/home/cp/town_ws/build/village_wang' returned '0': CMAKE_PREFIX_PATH=/home/cp/town_ws/install/village_interfaces:/home/cp/town_ws/install/village_zhang:/home/cp/town_ws/install/village_wang:/home/cp/town_ws/install/example_py:/opt/ros/humble LD_LIBRARY_PATH=/home/cp/town_ws/install/village_interfaces/lib:/usr/lib/x86_64-linux-gnu/gazebo-11/plugins:/opt/ros/humble/opt/rviz_ogre_vendor/lib:/opt/ros/humble/lib/x86_64-linux-gnu:/opt/ros/humble/lib:/usr/share/gazebo/../../lib/x86_64-linux-gnu/gazebo-11/plugins:/usr/share/gazebo/../../lib/x86_64-linux-gnu/gazebo-11/plugins:/usr/share/gazebo/../../lib/x86_64-linux-gnu/gazebo-11/plugins /usr/bin/cmake --install /home/cp/town_ws/build/village_wang
