[0.016s] Invoking command in '/home/cp/town_ws/build/village_zhang': CMAKE_PREFIX_PATH=/home/cp/town_ws/install/village_interfaces:/home/cp/town_ws/install/village_wang:/home/cp/town_ws/install/example_py:/opt/ros/humble LD_LIBRARY_PATH=/home/cp/town_ws/install/village_interfaces/lib:/usr/lib/x86_64-linux-gnu/gazebo-11/plugins:/opt/ros/humble/opt/rviz_ogre_vendor/lib:/opt/ros/humble/lib/x86_64-linux-gnu:/opt/ros/humble/lib:/usr/share/gazebo/../../lib/x86_64-linux-gnu/gazebo-11/plugins:/usr/share/gazebo/../../lib/x86_64-linux-gnu/gazebo-11/plugins:/usr/share/gazebo/../../lib/x86_64-linux-gnu/gazebo-11/plugins /usr/bin/cmake /home/cp/town_ws/src/village_zhang -DCMAKE_INSTALL_PREFIX=/home/cp/town_ws/install/village_zhang
[0.065s] -- The C compiler identification is GNU 11.4.0
[0.112s] -- The CXX compiler identification is GNU 11.4.0
[0.119s] -- Detecting C compiler ABI info
[0.183s] -- Detecting C compiler ABI info - done
[0.187s] -- Check for working C compiler: /usr/bin/cc - skipped
[0.188s] -- Detecting C compile features
[0.188s] -- Detecting C compile features - done
[0.190s] -- Detecting CXX compiler ABI info
[0.261s] -- Detecting CXX compiler ABI info - done
[0.266s] -- Check for working CXX compiler: /usr/bin/c++ - skipped
[0.266s] -- Detecting CXX compile features
[0.266s] -- Detecting CXX compile features - done
[0.269s] -- Found ament_cmake: 1.3.9 (/opt/ros/humble/share/ament_cmake/cmake)
[0.388s] -- Found Python3: /usr/bin/python3 (found version "3.10.12") found components: Interpreter 
[0.464s] -- Found rclcpp: 16.0.9 (/opt/ros/humble/share/rclcpp/cmake)
[0.509s] -- Found rosidl_generator_c: 3.1.5 (/opt/ros/humble/share/rosidl_generator_c/cmake)
[0.513s] -- Found rosidl_adapter: 3.1.5 (/opt/ros/humble/share/rosidl_adapter/cmake)
[0.522s] -- Found rosidl_generator_cpp: 3.1.5 (/opt/ros/humble/share/rosidl_generator_cpp/cmake)
[0.532s] -- Using all available rosidl_typesupport_c: rosidl_typesupport_fastrtps_c;rosidl_typesupport_introspection_c
[0.549s] -- Using all available rosidl_typesupport_cpp: rosidl_typesupport_fastrtps_cpp;rosidl_typesupport_introspection_cpp
[0.602s] -- Found rmw_implementation_cmake: 6.1.2 (/opt/ros/humble/share/rmw_implementation_cmake/cmake)
[0.605s] -- Found rmw_fastrtps_cpp: 6.2.6 (/opt/ros/humble/share/rmw_fastrtps_cpp/cmake)
[0.714s] -- Found OpenSSL: /usr/lib/x86_64-linux-gnu/libcrypto.so (found version "3.0.2")  
[0.740s] -- Found FastRTPS: /opt/ros/humble/include  
[0.783s] -- Using RMW implementation 'rmw_fastrtps_cpp' as default
[0.791s] -- Looking for pthread.h
[0.862s] -- Looking for pthread.h - found
[0.862s] -- Performing Test CMAKE_HAVE_LIBC_PTHREAD
[0.937s] -- Performing Test CMAKE_HAVE_LIBC_PTHREAD - Success
[0.938s] -- Found Threads: TRUE  
[1.049s] -- Found village_interfaces: 0.0.0 (/home/cp/town_ws/install/village_interfaces/share/village_interfaces/cmake)
[1.209s] -- Found ament_lint_auto: 0.12.11 (/opt/ros/humble/share/ament_lint_auto/cmake)
[1.269s] -- Added test 'cppcheck' to perform static code analysis on C / C++ code
[1.270s] -- Configured cppcheck include dirs: 
[1.270s] -- Configured cppcheck exclude dirs and/or files: 
[1.270s] -- Added test 'lint_cmake' to check CMake code style
[1.271s] -- Added test 'uncrustify' to check C / C++ code style
[1.271s] -- Configured uncrustify additional arguments: 
[1.271s] -- Added test 'xmllint' to check XML markup files
[1.272s] -- Configuring done
[1.276s] -- Generating done
[1.277s] -- Build files have been written to: /home/cp/town_ws/build/village_zhang
[1.286s] Invoked command in '/home/cp/town_ws/build/village_zhang' returned '0': CMAKE_PREFIX_PATH=/home/cp/town_ws/install/village_interfaces:/home/cp/town_ws/install/village_wang:/home/cp/town_ws/install/example_py:/opt/ros/humble LD_LIBRARY_PATH=/home/cp/town_ws/install/village_interfaces/lib:/usr/lib/x86_64-linux-gnu/gazebo-11/plugins:/opt/ros/humble/opt/rviz_ogre_vendor/lib:/opt/ros/humble/lib/x86_64-linux-gnu:/opt/ros/humble/lib:/usr/share/gazebo/../../lib/x86_64-linux-gnu/gazebo-11/plugins:/usr/share/gazebo/../../lib/x86_64-linux-gnu/gazebo-11/plugins:/usr/share/gazebo/../../lib/x86_64-linux-gnu/gazebo-11/plugins /usr/bin/cmake /home/cp/town_ws/src/village_zhang -DCMAKE_INSTALL_PREFIX=/home/cp/town_ws/install/village_zhang
[1.288s] Invoking command in '/home/cp/town_ws/build/village_zhang': CMAKE_PREFIX_PATH=/home/cp/town_ws/install/village_interfaces:/home/cp/town_ws/install/village_wang:/home/cp/town_ws/install/example_py:/opt/ros/humble LD_LIBRARY_PATH=/home/cp/town_ws/install/village_interfaces/lib:/usr/lib/x86_64-linux-gnu/gazebo-11/plugins:/opt/ros/humble/opt/rviz_ogre_vendor/lib:/opt/ros/humble/lib/x86_64-linux-gnu:/opt/ros/humble/lib:/usr/share/gazebo/../../lib/x86_64-linux-gnu/gazebo-11/plugins:/usr/share/gazebo/../../lib/x86_64-linux-gnu/gazebo-11/plugins:/usr/share/gazebo/../../lib/x86_64-linux-gnu/gazebo-11/plugins /usr/bin/cmake --build /home/cp/town_ws/build/village_zhang -- -j16 -l16
[1.331s] Invoked command in '/home/cp/town_ws/build/village_zhang' returned '0': CMAKE_PREFIX_PATH=/home/cp/town_ws/install/village_interfaces:/home/cp/town_ws/install/village_wang:/home/cp/town_ws/install/example_py:/opt/ros/humble LD_LIBRARY_PATH=/home/cp/town_ws/install/village_interfaces/lib:/usr/lib/x86_64-linux-gnu/gazebo-11/plugins:/opt/ros/humble/opt/rviz_ogre_vendor/lib:/opt/ros/humble/lib/x86_64-linux-gnu:/opt/ros/humble/lib:/usr/share/gazebo/../../lib/x86_64-linux-gnu/gazebo-11/plugins:/usr/share/gazebo/../../lib/x86_64-linux-gnu/gazebo-11/plugins:/usr/share/gazebo/../../lib/x86_64-linux-gnu/gazebo-11/plugins /usr/bin/cmake --build /home/cp/town_ws/build/village_zhang -- -j16 -l16
[1.371s] Invoking command in '/home/cp/town_ws/build/village_zhang': CMAKE_PREFIX_PATH=/home/cp/town_ws/install/village_interfaces:/home/cp/town_ws/install/village_wang:/home/cp/town_ws/install/example_py:/opt/ros/humble LD_LIBRARY_PATH=/home/cp/town_ws/install/village_interfaces/lib:/usr/lib/x86_64-linux-gnu/gazebo-11/plugins:/opt/ros/humble/opt/rviz_ogre_vendor/lib:/opt/ros/humble/lib/x86_64-linux-gnu:/opt/ros/humble/lib:/usr/share/gazebo/../../lib/x86_64-linux-gnu/gazebo-11/plugins:/usr/share/gazebo/../../lib/x86_64-linux-gnu/gazebo-11/plugins:/usr/share/gazebo/../../lib/x86_64-linux-gnu/gazebo-11/plugins /usr/bin/cmake --install /home/cp/town_ws/build/village_zhang
[1.378s] -- Install configuration: ""
[1.378s] -- Installing: /home/cp/town_ws/install/village_zhang/share/ament_index/resource_index/package_run_dependencies/village_zhang
[1.379s] -- Installing: /home/cp/town_ws/install/village_zhang/share/ament_index/resource_index/parent_prefix_path/village_zhang
[1.379s] -- Installing: /home/cp/town_ws/install/village_zhang/share/village_zhang/environment/ament_prefix_path.sh
[1.379s] -- Installing: /home/cp/town_ws/install/village_zhang/share/village_zhang/environment/ament_prefix_path.dsv
[1.379s] -- Installing: /home/cp/town_ws/install/village_zhang/share/village_zhang/environment/path.sh
[1.379s] -- Installing: /home/cp/town_ws/install/village_zhang/share/village_zhang/environment/path.dsv
[1.379s] -- Installing: /home/cp/town_ws/install/village_zhang/share/village_zhang/local_setup.bash
[1.379s] -- Installing: /home/cp/town_ws/install/village_zhang/share/village_zhang/local_setup.sh
[1.379s] -- Installing: /home/cp/town_ws/install/village_zhang/share/village_zhang/local_setup.zsh
[1.380s] -- Installing: /home/cp/town_ws/install/village_zhang/share/village_zhang/local_setup.dsv
[1.380s] -- Installing: /home/cp/town_ws/install/village_zhang/share/village_zhang/package.dsv
[1.380s] -- Installing: /home/cp/town_ws/install/village_zhang/share/ament_index/resource_index/packages/village_zhang
[1.380s] -- Installing: /home/cp/town_ws/install/village_zhang/share/village_zhang/cmake/village_zhangConfig.cmake
[1.380s] -- Installing: /home/cp/town_ws/install/village_zhang/share/village_zhang/cmake/village_zhangConfig-version.cmake
[1.380s] -- Installing: /home/cp/town_ws/install/village_zhang/share/village_zhang/package.xml
[1.383s] Invoked command in '/home/cp/town_ws/build/village_zhang' returned '0': CMAKE_PREFIX_PATH=/home/cp/town_ws/install/village_interfaces:/home/cp/town_ws/install/village_wang:/home/cp/town_ws/install/example_py:/opt/ros/humble LD_LIBRARY_PATH=/home/cp/town_ws/install/village_interfaces/lib:/usr/lib/x86_64-linux-gnu/gazebo-11/plugins:/opt/ros/humble/opt/rviz_ogre_vendor/lib:/opt/ros/humble/lib/x86_64-linux-gnu:/opt/ros/humble/lib:/usr/share/gazebo/../../lib/x86_64-linux-gnu/gazebo-11/plugins:/usr/share/gazebo/../../lib/x86_64-linux-gnu/gazebo-11/plugins:/usr/share/gazebo/../../lib/x86_64-linux-gnu/gazebo-11/plugins /usr/bin/cmake --install /home/cp/town_ws/build/village_zhang
