[0.013s] Invoking command in '/home/cp/town_ws/build/village_wang': AMENT_PREFIX_PATH=/home/cp/town_ws/install/village_interfaces:${AMENT_PREFIX_PATH} CMAKE_PREFIX_PATH=/home/cp/town_ws/install/village_interfaces:/opt/ros/humble LD_LIBRARY_PATH=/home/cp/town_ws/install/village_interfaces/lib:/usr/lib/x86_64-linux-gnu/gazebo-11/plugins:/opt/ros/humble/opt/rviz_ogre_vendor/lib:/opt/ros/humble/lib/x86_64-linux-gnu:/opt/ros/humble/lib:/usr/share/gazebo/../../lib/x86_64-linux-gnu/gazebo-11/plugins:/usr/share/gazebo/../../lib/x86_64-linux-gnu/gazebo-11/plugins:/usr/share/gazebo/../../lib/x86_64-linux-gnu/gazebo-11/plugins PYTHONPATH=/home/cp/town_ws/install/village_interfaces/local/lib/python3.10/dist-packages:${PYTHONPATH} /usr/bin/cmake --build /home/cp/town_ws/build/village_wang -- -j16 -l16
[0.053s] [35m[1mConsolidate compiler generated dependencies of target wang2_node[0m
[0.072s] [ 50%] [32mBuilding CXX object CMakeFiles/wang2_node.dir/src/wang2.cpp.o[0m
[1.957s] [01m[K/home/cp/town_ws/src/village_wang/src/wang2.cpp:[m[K In member function ‘[01m[Kvoid Wang2Node::sell_book_callback(village_interfaces::srv::SellNovel_Request_<std::allocator<void> >::SharedPtr, village_interfaces::srv::SellNovel_Response_<std::allocator<void> >::SharedPtr)[m[K’:
[1.958s] [01m[K/home/cp/town_ws/src/village_wang/src/wang2.cpp:102:36:[m[K [01;35m[Kwarning: [m[Kcomparison of integer expressions of different signedness: ‘[01m[Kunsigned int[m[K’ and ‘[01m[Kint[m[K’ [[01;35m[K]8;;https://gcc.gnu.org/onlinedocs/gcc/Warning-Options.html#index-Wsign-compare-Wsign-compare]8;;[m[K]
[1.958s]   102 |         for (unsigned int i = 0; [01;35m[Ki < (int)novelsNum[m[K; i++)
[1.958s]       |                                  [01;35m[K~~^~~~~~~~~~~~~~~~[m[K
[6.879s] [100%] [32m[1mLinking CXX executable wang2_node[0m
[7.202s] [100%] Built target wang2_node
[7.215s] Invoked command in '/home/cp/town_ws/build/village_wang' returned '0': AMENT_PREFIX_PATH=/home/cp/town_ws/install/village_interfaces:${AMENT_PREFIX_PATH} CMAKE_PREFIX_PATH=/home/cp/town_ws/install/village_interfaces:/opt/ros/humble LD_LIBRARY_PATH=/home/cp/town_ws/install/village_interfaces/lib:/usr/lib/x86_64-linux-gnu/gazebo-11/plugins:/opt/ros/humble/opt/rviz_ogre_vendor/lib:/opt/ros/humble/lib/x86_64-linux-gnu:/opt/ros/humble/lib:/usr/share/gazebo/../../lib/x86_64-linux-gnu/gazebo-11/plugins:/usr/share/gazebo/../../lib/x86_64-linux-gnu/gazebo-11/plugins:/usr/share/gazebo/../../lib/x86_64-linux-gnu/gazebo-11/plugins PYTHONPATH=/home/cp/town_ws/install/village_interfaces/local/lib/python3.10/dist-packages:${PYTHONPATH} /usr/bin/cmake --build /home/cp/town_ws/build/village_wang -- -j16 -l16
[7.252s] Invoking command in '/home/cp/town_ws/build/village_wang': AMENT_PREFIX_PATH=/home/cp/town_ws/install/village_interfaces:${AMENT_PREFIX_PATH} CMAKE_PREFIX_PATH=/home/cp/town_ws/install/village_interfaces:/opt/ros/humble LD_LIBRARY_PATH=/home/cp/town_ws/install/village_interfaces/lib:/usr/lib/x86_64-linux-gnu/gazebo-11/plugins:/opt/ros/humble/opt/rviz_ogre_vendor/lib:/opt/ros/humble/lib/x86_64-linux-gnu:/opt/ros/humble/lib:/usr/share/gazebo/../../lib/x86_64-linux-gnu/gazebo-11/plugins:/usr/share/gazebo/../../lib/x86_64-linux-gnu/gazebo-11/plugins:/usr/share/gazebo/../../lib/x86_64-linux-gnu/gazebo-11/plugins PYTHONPATH=/home/cp/town_ws/install/village_interfaces/local/lib/python3.10/dist-packages:${PYTHONPATH} /usr/bin/cmake --install /home/cp/town_ws/build/village_wang
[7.259s] -- Install configuration: ""
[7.259s] -- Installing: /home/cp/town_ws/install/village_wang/lib/village_wang/wang2_node
[7.265s] -- Set runtime path of "/home/cp/town_ws/install/village_wang/lib/village_wang/wang2_node" to ""
[7.265s] -- Up-to-date: /home/cp/town_ws/install/village_wang/share/ament_index/resource_index/package_run_dependencies/village_wang
[7.265s] -- Up-to-date: /home/cp/town_ws/install/village_wang/share/ament_index/resource_index/parent_prefix_path/village_wang
[7.265s] -- Up-to-date: /home/cp/town_ws/install/village_wang/share/village_wang/environment/ament_prefix_path.sh
[7.265s] -- Up-to-date: /home/cp/town_ws/install/village_wang/share/village_wang/environment/ament_prefix_path.dsv
[7.265s] -- Up-to-date: /home/cp/town_ws/install/village_wang/share/village_wang/environment/path.sh
[7.265s] -- Up-to-date: /home/cp/town_ws/install/village_wang/share/village_wang/environment/path.dsv
[7.265s] -- Up-to-date: /home/cp/town_ws/install/village_wang/share/village_wang/local_setup.bash
[7.265s] -- Up-to-date: /home/cp/town_ws/install/village_wang/share/village_wang/local_setup.sh
[7.265s] -- Up-to-date: /home/cp/town_ws/install/village_wang/share/village_wang/local_setup.zsh
[7.265s] -- Up-to-date: /home/cp/town_ws/install/village_wang/share/village_wang/local_setup.dsv
[7.265s] -- Installing: /home/cp/town_ws/install/village_wang/share/village_wang/package.dsv
[7.265s] -- Up-to-date: /home/cp/town_ws/install/village_wang/share/ament_index/resource_index/packages/village_wang
[7.265s] -- Up-to-date: /home/cp/town_ws/install/village_wang/share/village_wang/cmake/village_wangConfig.cmake
[7.265s] -- Up-to-date: /home/cp/town_ws/install/village_wang/share/village_wang/cmake/village_wangConfig-version.cmake
[7.266s] -- Up-to-date: /home/cp/town_ws/install/village_wang/share/village_wang/package.xml
[7.267s] Invoked command in '/home/cp/town_ws/build/village_wang' returned '0': AMENT_PREFIX_PATH=/home/cp/town_ws/install/village_interfaces:${AMENT_PREFIX_PATH} CMAKE_PREFIX_PATH=/home/cp/town_ws/install/village_interfaces:/opt/ros/humble LD_LIBRARY_PATH=/home/cp/town_ws/install/village_interfaces/lib:/usr/lib/x86_64-linux-gnu/gazebo-11/plugins:/opt/ros/humble/opt/rviz_ogre_vendor/lib:/opt/ros/humble/lib/x86_64-linux-gnu:/opt/ros/humble/lib:/usr/share/gazebo/../../lib/x86_64-linux-gnu/gazebo-11/plugins:/usr/share/gazebo/../../lib/x86_64-linux-gnu/gazebo-11/plugins:/usr/share/gazebo/../../lib/x86_64-linux-gnu/gazebo-11/plugins PYTHONPATH=/home/cp/town_ws/install/village_interfaces/local/lib/python3.10/dist-packages:${PYTHONPATH} /usr/bin/cmake --install /home/cp/town_ws/build/village_wang
