[0.522s] Invoking command in '/home/cp/town_ws/src/example_py': AMENT_PREFIX_PATH=/home/cp/town_ws/install/village_interfaces:${AMENT_PREFIX_PATH} CMAKE_PREFIX_PATH=/home/cp/town_ws/install/village_interfaces LD_LIBRARY_PATH=/home/cp/town_ws/install/village_interfaces/lib:/usr/lib/x86_64-linux-gnu/gazebo-11/plugins:/opt/ros/humble/opt/rviz_ogre_vendor/lib:/opt/ros/humble/lib/x86_64-linux-gnu:/opt/ros/humble/lib:/usr/share/gazebo/../../lib/x86_64-linux-gnu/gazebo-11/plugins:/usr/share/gazebo/../../lib/x86_64-linux-gnu/gazebo-11/plugins:/usr/share/gazebo/../../lib/x86_64-linux-gnu/gazebo-11/plugins PYTHONPATH=/home/cp/town_ws/build/example_py/prefix_override:/home/cp/town_ws/install/example_py/lib/python3.10/site-packages:/home/cp/town_ws/install/village_interfaces/local/lib/python3.10/dist-packages:${PYTHONPATH} /usr/bin/python3 -W ignore:setup.py install is deprecated setup.py egg_info --egg-base ../../build/example_py build --build-base /home/cp/town_ws/build/example_py/build install --record /home/cp/town_ws/build/example_py/install.log --single-version-externally-managed install_data
[0.698s] running egg_info
[0.699s] creating ../../build/example_py/example_py.egg-info
[0.699s] writing ../../build/example_py/example_py.egg-info/PKG-INFO
[0.699s] writing dependency_links to ../../build/example_py/example_py.egg-info/dependency_links.txt
[0.699s] writing entry points to ../../build/example_py/example_py.egg-info/entry_points.txt
[0.699s] writing requirements to ../../build/example_py/example_py.egg-info/requires.txt
[0.699s] writing top-level names to ../../build/example_py/example_py.egg-info/top_level.txt
[0.700s] writing manifest file '../../build/example_py/example_py.egg-info/SOURCES.txt'
[0.701s] reading manifest file '../../build/example_py/example_py.egg-info/SOURCES.txt'
[0.702s] writing manifest file '../../build/example_py/example_py.egg-info/SOURCES.txt'
[0.702s] running build
[0.702s] running build_py
[0.702s] creating /home/cp/town_ws/build/example_py/build
[0.702s] creating /home/cp/town_ws/build/example_py/build/lib
[0.702s] creating /home/cp/town_ws/build/example_py/build/lib/example_py
[0.702s] copying example_py/node_02.py -> /home/cp/town_ws/build/example_py/build/lib/example_py
[0.702s] copying example_py/li3.py -> /home/cp/town_ws/build/example_py/build/lib/example_py
[0.702s] copying example_py/li4.py -> /home/cp/town_ws/build/example_py/build/lib/example_py
[0.702s] copying example_py/__init__.py -> /home/cp/town_ws/build/example_py/build/lib/example_py
[0.702s] running install
[0.703s] running install_lib
[0.703s] creating /home/cp/town_ws/install/example_py/lib/python3.10/site-packages/example_py
[0.703s] copying /home/cp/town_ws/build/example_py/build/lib/example_py/node_02.py -> /home/cp/town_ws/install/example_py/lib/python3.10/site-packages/example_py
[0.703s] copying /home/cp/town_ws/build/example_py/build/lib/example_py/li3.py -> /home/cp/town_ws/install/example_py/lib/python3.10/site-packages/example_py
[0.703s] copying /home/cp/town_ws/build/example_py/build/lib/example_py/li4.py -> /home/cp/town_ws/install/example_py/lib/python3.10/site-packages/example_py
[0.703s] copying /home/cp/town_ws/build/example_py/build/lib/example_py/__init__.py -> /home/cp/town_ws/install/example_py/lib/python3.10/site-packages/example_py
[0.704s] byte-compiling /home/cp/town_ws/install/example_py/lib/python3.10/site-packages/example_py/node_02.py to node_02.cpython-310.pyc
[0.704s] byte-compiling /home/cp/town_ws/install/example_py/lib/python3.10/site-packages/example_py/li3.py to li3.cpython-310.pyc
[0.704s] byte-compiling /home/cp/town_ws/install/example_py/lib/python3.10/site-packages/example_py/li4.py to li4.cpython-310.pyc
[0.705s] byte-compiling /home/cp/town_ws/install/example_py/lib/python3.10/site-packages/example_py/__init__.py to __init__.cpython-310.pyc
[0.705s] running install_data
[0.705s] creating /home/cp/town_ws/install/example_py/share/ament_index
[0.705s] creating /home/cp/town_ws/install/example_py/share/ament_index/resource_index
[0.705s] creating /home/cp/town_ws/install/example_py/share/ament_index/resource_index/packages
[0.705s] copying resource/example_py -> /home/cp/town_ws/install/example_py/share/ament_index/resource_index/packages
[0.705s] copying package.xml -> /home/cp/town_ws/install/example_py/share/example_py
[0.705s] running install_egg_info
[0.708s] Copying ../../build/example_py/example_py.egg-info to /home/cp/town_ws/install/example_py/lib/python3.10/site-packages/example_py-0.0.0-py3.10.egg-info
[0.708s] running install_scripts
[0.723s] Installing li3 script to /home/cp/town_ws/install/example_py/lib/example_py
[0.724s] Installing li4 script to /home/cp/town_ws/install/example_py/lib/example_py
[0.724s] Installing node_02 script to /home/cp/town_ws/install/example_py/lib/example_py
[0.724s] writing list of installed files to '/home/cp/town_ws/build/example_py/install.log'
[0.751s] Invoked command in '/home/cp/town_ws/src/example_py' returned '0': AMENT_PREFIX_PATH=/home/cp/town_ws/install/village_interfaces:${AMENT_PREFIX_PATH} CMAKE_PREFIX_PATH=/home/cp/town_ws/install/village_interfaces LD_LIBRARY_PATH=/home/cp/town_ws/install/village_interfaces/lib:/usr/lib/x86_64-linux-gnu/gazebo-11/plugins:/opt/ros/humble/opt/rviz_ogre_vendor/lib:/opt/ros/humble/lib/x86_64-linux-gnu:/opt/ros/humble/lib:/usr/share/gazebo/../../lib/x86_64-linux-gnu/gazebo-11/plugins:/usr/share/gazebo/../../lib/x86_64-linux-gnu/gazebo-11/plugins:/usr/share/gazebo/../../lib/x86_64-linux-gnu/gazebo-11/plugins PYTHONPATH=/home/cp/town_ws/build/example_py/prefix_override:/home/cp/town_ws/install/example_py/lib/python3.10/site-packages:/home/cp/town_ws/install/village_interfaces/local/lib/python3.10/dist-packages:${PYTHONPATH} /usr/bin/python3 -W ignore:setup.py install is deprecated setup.py egg_info --egg-base ../../build/example_py build --build-base /home/cp/town_ws/build/example_py/build install --record /home/cp/town_ws/build/example_py/install.log --single-version-externally-managed install_data
