[0.113s] DEBUG:colcon:Command line arguments: ['/usr/bin/colcon', 'build', '--packages-select', 'village_wang']
[0.113s] DEBUG:colcon:Parsed command line arguments: Namespace(log_base=None, log_level=None, verb_name='build', build_base='build', install_base='install', merge_install=False, symlink_install=False, test_result_base=None, continue_on_error=False, executor='parallel', parallel_workers=16, event_handlers=None, ignore_user_meta=False, metas=['./colcon.meta'], base_paths=['.'], packages_ignore=None, packages_ignore_regex=None, paths=None, packages_up_to=None, packages_up_to_regex=None, packages_above=None, packages_above_and_dependencies=None, packages_above_depth=None, packages_select_by_dep=None, packages_skip_by_dep=None, packages_skip_up_to=None, packages_select_build_failed=False, packages_skip_build_finished=False, packages_select_test_failures=False, packages_skip_test_passed=False, packages_select=['village_wang'], packages_skip=None, packages_select_regex=None, packages_skip_regex=None, packages_start=None, packages_end=None, allow_overriding=[], cmake_args=None, cmake_target=None, cmake_target_skip_unavailable=False, cmake_clean_cache=False, cmake_clean_first=False, cmake_force_configure=False, ament_cmake_args=None, catkin_cmake_args=None, catkin_skip_building_tests=False, mixin_files=None, mixin=None, verb_parser=<colcon_mixin.mixin.mixin_argument.MixinArgumentDecorator object at 0x79c45032ee30>, verb_extension=<colcon_core.verb.build.BuildVerb object at 0x79c4504e87c0>, main=<bound method BuildVerb.main of <colcon_core.verb.build.BuildVerb object at 0x79c4504e87c0>>, mixin_verb=('build',))
[0.236s] Level 1:colcon.colcon_core.package_discovery:discover_packages(colcon_meta) check parameters
[0.236s] Level 1:colcon.colcon_core.package_discovery:discover_packages(recursive) check parameters
[0.236s] Level 1:colcon.colcon_core.package_discovery:discover_packages(ignore) check parameters
[0.236s] Level 1:colcon.colcon_core.package_discovery:discover_packages(path) check parameters
[0.236s] Level 1:colcon.colcon_core.package_discovery:discover_packages(colcon_meta) discover
[0.236s] Level 1:colcon.colcon_core.package_discovery:discover_packages(recursive) discover
[0.236s] INFO:colcon.colcon_core.package_discovery:Crawling recursively for packages in '/home/cp/town_ws'
[0.236s] Level 1:colcon.colcon_core.package_identification:_identify(.) by extensions ['ignore', 'ignore_ament_install']
[0.236s] Level 1:colcon.colcon_core.package_identification:_identify(.) by extension 'ignore'
[0.236s] Level 1:colcon.colcon_core.package_identification:_identify(.) by extension 'ignore_ament_install'
[0.236s] Level 1:colcon.colcon_core.package_identification:_identify(.) by extensions ['colcon_pkg']
[0.236s] Level 1:colcon.colcon_core.package_identification:_identify(.) by extension 'colcon_pkg'
[0.236s] Level 1:colcon.colcon_core.package_identification:_identify(.) by extensions ['colcon_meta']
[0.236s] Level 1:colcon.colcon_core.package_identification:_identify(.) by extension 'colcon_meta'
[0.236s] Level 1:colcon.colcon_core.package_identification:_identify(.) by extensions ['ros']
[0.236s] Level 1:colcon.colcon_core.package_identification:_identify(.) by extension 'ros'
[0.244s] Level 1:colcon.colcon_core.package_identification:_identify(.) by extensions ['cmake', 'python']
[0.244s] Level 1:colcon.colcon_core.package_identification:_identify(.) by extension 'cmake'
[0.244s] Level 1:colcon.colcon_core.package_identification:_identify(.) by extension 'python'
[0.244s] Level 1:colcon.colcon_core.package_identification:_identify(.) by extensions ['python_setup_py']
[0.244s] Level 1:colcon.colcon_core.package_identification:_identify(.) by extension 'python_setup_py'
[0.244s] Level 1:colcon.colcon_core.package_identification:_identify(build) by extensions ['ignore', 'ignore_ament_install']
[0.244s] Level 1:colcon.colcon_core.package_identification:_identify(build) by extension 'ignore'
[0.244s] Level 1:colcon.colcon_core.package_identification:_identify(build) ignored
[0.244s] Level 1:colcon.colcon_core.package_identification:_identify(install) by extensions ['ignore', 'ignore_ament_install']
[0.244s] Level 1:colcon.colcon_core.package_identification:_identify(install) by extension 'ignore'
[0.245s] Level 1:colcon.colcon_core.package_identification:_identify(install) ignored
[0.245s] Level 1:colcon.colcon_core.package_identification:_identify(log) by extensions ['ignore', 'ignore_ament_install']
[0.245s] Level 1:colcon.colcon_core.package_identification:_identify(log) by extension 'ignore'
[0.245s] Level 1:colcon.colcon_core.package_identification:_identify(log) ignored
[0.245s] Level 1:colcon.colcon_core.package_identification:_identify(src) by extensions ['ignore', 'ignore_ament_install']
[0.245s] Level 1:colcon.colcon_core.package_identification:_identify(src) by extension 'ignore'
[0.245s] Level 1:colcon.colcon_core.package_identification:_identify(src) by extension 'ignore_ament_install'
[0.245s] Level 1:colcon.colcon_core.package_identification:_identify(src) by extensions ['colcon_pkg']
[0.245s] Level 1:colcon.colcon_core.package_identification:_identify(src) by extension 'colcon_pkg'
[0.245s] Level 1:colcon.colcon_core.package_identification:_identify(src) by extensions ['colcon_meta']
[0.245s] Level 1:colcon.colcon_core.package_identification:_identify(src) by extension 'colcon_meta'
[0.245s] Level 1:colcon.colcon_core.package_identification:_identify(src) by extensions ['ros']
[0.245s] Level 1:colcon.colcon_core.package_identification:_identify(src) by extension 'ros'
[0.245s] Level 1:colcon.colcon_core.package_identification:_identify(src) by extensions ['cmake', 'python']
[0.245s] Level 1:colcon.colcon_core.package_identification:_identify(src) by extension 'cmake'
[0.245s] Level 1:colcon.colcon_core.package_identification:_identify(src) by extension 'python'
[0.245s] Level 1:colcon.colcon_core.package_identification:_identify(src) by extensions ['python_setup_py']
[0.245s] Level 1:colcon.colcon_core.package_identification:_identify(src) by extension 'python_setup_py'
[0.245s] Level 1:colcon.colcon_core.package_identification:_identify(src/example_py) by extensions ['ignore', 'ignore_ament_install']
[0.245s] Level 1:colcon.colcon_core.package_identification:_identify(src/example_py) by extension 'ignore'
[0.245s] Level 1:colcon.colcon_core.package_identification:_identify(src/example_py) by extension 'ignore_ament_install'
[0.245s] Level 1:colcon.colcon_core.package_identification:_identify(src/example_py) by extensions ['colcon_pkg']
[0.245s] Level 1:colcon.colcon_core.package_identification:_identify(src/example_py) by extension 'colcon_pkg'
[0.245s] Level 1:colcon.colcon_core.package_identification:_identify(src/example_py) by extensions ['colcon_meta']
[0.245s] Level 1:colcon.colcon_core.package_identification:_identify(src/example_py) by extension 'colcon_meta'
[0.245s] Level 1:colcon.colcon_core.package_identification:_identify(src/example_py) by extensions ['ros']
[0.246s] Level 1:colcon.colcon_core.package_identification:_identify(src/example_py) by extension 'ros'
[0.247s] DEBUG:colcon.colcon_core.package_identification:Package 'src/example_py' with type 'ros.ament_python' and name 'example_py'
[0.247s] Level 1:colcon.colcon_core.package_identification:_identify(src/village_interfaces) by extensions ['ignore', 'ignore_ament_install']
[0.247s] Level 1:colcon.colcon_core.package_identification:_identify(src/village_interfaces) by extension 'ignore'
[0.247s] Level 1:colcon.colcon_core.package_identification:_identify(src/village_interfaces) by extension 'ignore_ament_install'
[0.247s] Level 1:colcon.colcon_core.package_identification:_identify(src/village_interfaces) by extensions ['colcon_pkg']
[0.247s] Level 1:colcon.colcon_core.package_identification:_identify(src/village_interfaces) by extension 'colcon_pkg'
[0.248s] Level 1:colcon.colcon_core.package_identification:_identify(src/village_interfaces) by extensions ['colcon_meta']
[0.248s] Level 1:colcon.colcon_core.package_identification:_identify(src/village_interfaces) by extension 'colcon_meta'
[0.248s] Level 1:colcon.colcon_core.package_identification:_identify(src/village_interfaces) by extensions ['ros']
[0.248s] Level 1:colcon.colcon_core.package_identification:_identify(src/village_interfaces) by extension 'ros'
[0.248s] DEBUG:colcon.colcon_core.package_identification:Package 'src/village_interfaces' with type 'ros.ament_cmake' and name 'village_interfaces'
[0.248s] Level 1:colcon.colcon_core.package_identification:_identify(src/village_wang) by extensions ['ignore', 'ignore_ament_install']
[0.248s] Level 1:colcon.colcon_core.package_identification:_identify(src/village_wang) by extension 'ignore'
[0.248s] Level 1:colcon.colcon_core.package_identification:_identify(src/village_wang) by extension 'ignore_ament_install'
[0.248s] Level 1:colcon.colcon_core.package_identification:_identify(src/village_wang) by extensions ['colcon_pkg']
[0.248s] Level 1:colcon.colcon_core.package_identification:_identify(src/village_wang) by extension 'colcon_pkg'
[0.248s] Level 1:colcon.colcon_core.package_identification:_identify(src/village_wang) by extensions ['colcon_meta']
[0.248s] Level 1:colcon.colcon_core.package_identification:_identify(src/village_wang) by extension 'colcon_meta'
[0.248s] Level 1:colcon.colcon_core.package_identification:_identify(src/village_wang) by extensions ['ros']
[0.248s] Level 1:colcon.colcon_core.package_identification:_identify(src/village_wang) by extension 'ros'
[0.249s] DEBUG:colcon.colcon_core.package_identification:Package 'src/village_wang' with type 'ros.ament_cmake' and name 'village_wang'
[0.249s] Level 1:colcon.colcon_core.package_discovery:discover_packages(recursive) using defaults
[0.249s] Level 1:colcon.colcon_core.package_discovery:discover_packages(ignore) discover
[0.249s] Level 1:colcon.colcon_core.package_discovery:discover_packages(ignore) using defaults
[0.249s] Level 1:colcon.colcon_core.package_discovery:discover_packages(path) discover
[0.249s] Level 1:colcon.colcon_core.package_discovery:discover_packages(path) using defaults
[0.273s] INFO:colcon.colcon_core.package_selection:Skipping not selected package 'village_interfaces' in 'src/village_interfaces'
[0.273s] INFO:colcon.colcon_core.package_selection:Skipping not selected package 'example_py' in 'src/example_py'
[0.273s] Level 1:colcon.colcon_core.package_discovery:discover_packages(prefix_path) check parameters
[0.273s] Level 1:colcon.colcon_core.package_discovery:discover_packages(prefix_path) discover
[0.276s] DEBUG:colcon.colcon_installed_package_information.package_discovery:Found 383 installed packages in /opt/ros/humble
[0.277s] Level 1:colcon.colcon_core.package_discovery:discover_packages(prefix_path) using defaults
[0.309s] Level 5:colcon.colcon_core.verb:set package 'village_wang' build argument 'cmake_args' from command line to 'None'
[0.309s] Level 5:colcon.colcon_core.verb:set package 'village_wang' build argument 'cmake_target' from command line to 'None'
[0.309s] Level 5:colcon.colcon_core.verb:set package 'village_wang' build argument 'cmake_target_skip_unavailable' from command line to 'False'
[0.309s] Level 5:colcon.colcon_core.verb:set package 'village_wang' build argument 'cmake_clean_cache' from command line to 'False'
[0.309s] Level 5:colcon.colcon_core.verb:set package 'village_wang' build argument 'cmake_clean_first' from command line to 'False'
[0.309s] Level 5:colcon.colcon_core.verb:set package 'village_wang' build argument 'cmake_force_configure' from command line to 'False'
[0.309s] Level 5:colcon.colcon_core.verb:set package 'village_wang' build argument 'ament_cmake_args' from command line to 'None'
[0.309s] Level 5:colcon.colcon_core.verb:set package 'village_wang' build argument 'catkin_cmake_args' from command line to 'None'
[0.309s] Level 5:colcon.colcon_core.verb:set package 'village_wang' build argument 'catkin_skip_building_tests' from command line to 'False'
[0.309s] DEBUG:colcon.colcon_core.verb:Building package 'village_wang' with the following arguments: {'ament_cmake_args': None, 'build_base': '/home/cp/town_ws/build/village_wang', 'catkin_cmake_args': None, 'catkin_skip_building_tests': False, 'cmake_args': None, 'cmake_clean_cache': False, 'cmake_clean_first': False, 'cmake_force_configure': False, 'cmake_target': None, 'cmake_target_skip_unavailable': False, 'install_base': '/home/cp/town_ws/install/village_wang', 'merge_install': False, 'path': '/home/cp/town_ws/src/village_wang', 'symlink_install': False, 'test_result_base': None}
[0.309s] INFO:colcon.colcon_core.executor:Executing jobs using 'parallel' executor
[0.310s] DEBUG:colcon.colcon_parallel_executor.executor.parallel:run_until_complete
[0.310s] INFO:colcon.colcon_ros.task.ament_cmake.build:Building ROS package in '/home/cp/town_ws/src/village_wang' with build type 'ament_cmake'
[0.310s] INFO:colcon.colcon_cmake.task.cmake.build:Building CMake package in '/home/cp/town_ws/src/village_wang'
[0.312s] INFO:colcon.colcon_core.plugin_system:Skipping extension 'colcon_core.shell.bat': Not used on non-Windows systems
[0.312s] INFO:colcon.colcon_core.shell:Skip shell extension 'powershell' for command environment: Not usable outside of PowerShell
[0.312s] DEBUG:colcon.colcon_core.shell:Skip shell extension 'dsv' for command environment
[0.323s] DEBUG:colcon.colcon_core.event_handler.log_command:Invoking command in '/home/cp/town_ws/build/village_wang': AMENT_PREFIX_PATH=/home/cp/town_ws/install/village_interfaces:${AMENT_PREFIX_PATH} CMAKE_PREFIX_PATH=/home/cp/town_ws/install/village_interfaces:/opt/ros/humble LD_LIBRARY_PATH=/home/cp/town_ws/install/village_interfaces/lib:/usr/lib/x86_64-linux-gnu/gazebo-11/plugins:/opt/ros/humble/opt/rviz_ogre_vendor/lib:/opt/ros/humble/lib/x86_64-linux-gnu:/opt/ros/humble/lib:/usr/share/gazebo/../../lib/x86_64-linux-gnu/gazebo-11/plugins:/usr/share/gazebo/../../lib/x86_64-linux-gnu/gazebo-11/plugins:/usr/share/gazebo/../../lib/x86_64-linux-gnu/gazebo-11/plugins PYTHONPATH=/home/cp/town_ws/install/village_interfaces/local/lib/python3.10/dist-packages:${PYTHONPATH} /usr/bin/cmake --build /home/cp/town_ws/build/village_wang -- -j16 -l16
[7.523s] DEBUG:colcon.colcon_core.event_handler.log_command:Invoked command in '/home/cp/town_ws/build/village_wang' returned '0': AMENT_PREFIX_PATH=/home/cp/town_ws/install/village_interfaces:${AMENT_PREFIX_PATH} CMAKE_PREFIX_PATH=/home/cp/town_ws/install/village_interfaces:/opt/ros/humble LD_LIBRARY_PATH=/home/cp/town_ws/install/village_interfaces/lib:/usr/lib/x86_64-linux-gnu/gazebo-11/plugins:/opt/ros/humble/opt/rviz_ogre_vendor/lib:/opt/ros/humble/lib/x86_64-linux-gnu:/opt/ros/humble/lib:/usr/share/gazebo/../../lib/x86_64-linux-gnu/gazebo-11/plugins:/usr/share/gazebo/../../lib/x86_64-linux-gnu/gazebo-11/plugins:/usr/share/gazebo/../../lib/x86_64-linux-gnu/gazebo-11/plugins PYTHONPATH=/home/cp/town_ws/install/village_interfaces/local/lib/python3.10/dist-packages:${PYTHONPATH} /usr/bin/cmake --build /home/cp/town_ws/build/village_wang -- -j16 -l16
[7.569s] DEBUG:colcon.colcon_core.event_handler.log_command:Invoking command in '/home/cp/town_ws/build/village_wang': AMENT_PREFIX_PATH=/home/cp/town_ws/install/village_interfaces:${AMENT_PREFIX_PATH} CMAKE_PREFIX_PATH=/home/cp/town_ws/install/village_interfaces:/opt/ros/humble LD_LIBRARY_PATH=/home/cp/town_ws/install/village_interfaces/lib:/usr/lib/x86_64-linux-gnu/gazebo-11/plugins:/opt/ros/humble/opt/rviz_ogre_vendor/lib:/opt/ros/humble/lib/x86_64-linux-gnu:/opt/ros/humble/lib:/usr/share/gazebo/../../lib/x86_64-linux-gnu/gazebo-11/plugins:/usr/share/gazebo/../../lib/x86_64-linux-gnu/gazebo-11/plugins:/usr/share/gazebo/../../lib/x86_64-linux-gnu/gazebo-11/plugins PYTHONPATH=/home/cp/town_ws/install/village_interfaces/local/lib/python3.10/dist-packages:${PYTHONPATH} /usr/bin/cmake --install /home/cp/town_ws/build/village_wang
[7.583s] Level 1:colcon.colcon_core.environment:create_environment_scripts_only(village_wang)
[7.584s] DEBUG:colcon.colcon_core.event_handler.log_command:Invoked command in '/home/cp/town_ws/build/village_wang' returned '0': AMENT_PREFIX_PATH=/home/cp/town_ws/install/village_interfaces:${AMENT_PREFIX_PATH} CMAKE_PREFIX_PATH=/home/cp/town_ws/install/village_interfaces:/opt/ros/humble LD_LIBRARY_PATH=/home/cp/town_ws/install/village_interfaces/lib:/usr/lib/x86_64-linux-gnu/gazebo-11/plugins:/opt/ros/humble/opt/rviz_ogre_vendor/lib:/opt/ros/humble/lib/x86_64-linux-gnu:/opt/ros/humble/lib:/usr/share/gazebo/../../lib/x86_64-linux-gnu/gazebo-11/plugins:/usr/share/gazebo/../../lib/x86_64-linux-gnu/gazebo-11/plugins:/usr/share/gazebo/../../lib/x86_64-linux-gnu/gazebo-11/plugins PYTHONPATH=/home/cp/town_ws/install/village_interfaces/local/lib/python3.10/dist-packages:${PYTHONPATH} /usr/bin/cmake --install /home/cp/town_ws/build/village_wang
[7.585s] Level 1:colcon.colcon_core.environment:checking '/home/cp/town_ws/install/village_wang' for CMake module files
[7.586s] Level 1:colcon.colcon_core.environment:checking '/home/cp/town_ws/install/village_wang' for CMake config files
[7.586s] Level 1:colcon.colcon_core.shell:create_environment_hook('village_wang', 'cmake_prefix_path')
[7.586s] INFO:colcon.colcon_core.shell:Creating environment hook '/home/cp/town_ws/install/village_wang/share/village_wang/hook/cmake_prefix_path.ps1'
[7.587s] INFO:colcon.colcon_core.shell:Creating environment descriptor '/home/cp/town_ws/install/village_wang/share/village_wang/hook/cmake_prefix_path.dsv'
[7.587s] INFO:colcon.colcon_core.shell:Creating environment hook '/home/cp/town_ws/install/village_wang/share/village_wang/hook/cmake_prefix_path.sh'
[7.587s] Level 1:colcon.colcon_core.environment:checking '/home/cp/town_ws/install/village_wang/lib'
[7.588s] Level 1:colcon.colcon_core.environment:checking '/home/cp/town_ws/install/village_wang/bin'
[7.588s] Level 1:colcon.colcon_core.environment:checking '/home/cp/town_ws/install/village_wang/lib/pkgconfig/village_wang.pc'
[7.588s] Level 1:colcon.colcon_core.environment:checking '/home/cp/town_ws/install/village_wang/lib/python3.10/site-packages'
[7.588s] Level 1:colcon.colcon_core.environment:checking '/home/cp/town_ws/install/village_wang/bin'
[7.588s] INFO:colcon.colcon_core.shell:Creating package script '/home/cp/town_ws/install/village_wang/share/village_wang/package.ps1'
[7.589s] INFO:colcon.colcon_core.shell:Creating package descriptor '/home/cp/town_ws/install/village_wang/share/village_wang/package.dsv'
[7.589s] INFO:colcon.colcon_core.shell:Creating package script '/home/cp/town_ws/install/village_wang/share/village_wang/package.sh'
[7.589s] INFO:colcon.colcon_core.shell:Creating package script '/home/cp/town_ws/install/village_wang/share/village_wang/package.bash'
[7.590s] INFO:colcon.colcon_core.shell:Creating package script '/home/cp/town_ws/install/village_wang/share/village_wang/package.zsh'
[7.590s] Level 1:colcon.colcon_core.environment:create_file_with_runtime_dependencies(/home/cp/town_ws/install/village_wang/share/colcon-core/packages/village_wang)
[7.619s] Level 1:colcon.colcon_core.environment:create_environment_scripts_only(village_wang)
[7.619s] Level 1:colcon.colcon_core.environment:checking '/home/cp/town_ws/install/village_wang' for CMake module files
[7.619s] Level 1:colcon.colcon_core.environment:checking '/home/cp/town_ws/install/village_wang' for CMake config files
[7.619s] Level 1:colcon.colcon_core.shell:create_environment_hook('village_wang', 'cmake_prefix_path')
[7.619s] INFO:colcon.colcon_core.shell:Creating environment hook '/home/cp/town_ws/install/village_wang/share/village_wang/hook/cmake_prefix_path.ps1'
[7.620s] INFO:colcon.colcon_core.shell:Creating environment descriptor '/home/cp/town_ws/install/village_wang/share/village_wang/hook/cmake_prefix_path.dsv'
[7.620s] INFO:colcon.colcon_core.shell:Creating environment hook '/home/cp/town_ws/install/village_wang/share/village_wang/hook/cmake_prefix_path.sh'
[7.620s] Level 1:colcon.colcon_core.environment:checking '/home/cp/town_ws/install/village_wang/lib'
[7.620s] Level 1:colcon.colcon_core.environment:checking '/home/cp/town_ws/install/village_wang/bin'
[7.621s] Level 1:colcon.colcon_core.environment:checking '/home/cp/town_ws/install/village_wang/lib/pkgconfig/village_wang.pc'
[7.621s] Level 1:colcon.colcon_core.environment:checking '/home/cp/town_ws/install/village_wang/lib/python3.10/site-packages'
[7.621s] Level 1:colcon.colcon_core.environment:checking '/home/cp/town_ws/install/village_wang/bin'
[7.621s] INFO:colcon.colcon_core.shell:Creating package script '/home/cp/town_ws/install/village_wang/share/village_wang/package.ps1'
[7.621s] INFO:colcon.colcon_core.shell:Creating package descriptor '/home/cp/town_ws/install/village_wang/share/village_wang/package.dsv'
[7.622s] INFO:colcon.colcon_core.shell:Creating package script '/home/cp/town_ws/install/village_wang/share/village_wang/package.sh'
[7.622s] INFO:colcon.colcon_core.shell:Creating package script '/home/cp/town_ws/install/village_wang/share/village_wang/package.bash'
[7.622s] INFO:colcon.colcon_core.shell:Creating package script '/home/cp/town_ws/install/village_wang/share/village_wang/package.zsh'
[7.622s] Level 1:colcon.colcon_core.environment:create_file_with_runtime_dependencies(/home/cp/town_ws/install/village_wang/share/colcon-core/packages/village_wang)
[7.622s] DEBUG:colcon.colcon_parallel_executor.executor.parallel:closing loop
[7.623s] DEBUG:colcon.colcon_parallel_executor.executor.parallel:loop closed
[7.623s] DEBUG:colcon.colcon_parallel_executor.executor.parallel:run_until_complete finished with '0'
[7.623s] DEBUG:colcon.colcon_core.event_reactor:joining thread
[7.627s] INFO:colcon.colcon_core.plugin_system:Skipping extension 'colcon_notification.desktop_notification.terminal_notifier': Not used on non-Darwin systems
[7.627s] INFO:colcon.colcon_core.plugin_system:Skipping extension 'colcon_notification.desktop_notification.win32': Not used on non-Windows systems
[7.627s] INFO:colcon.colcon_notification.desktop_notification:Sending desktop notification using 'notify2'
[7.639s] DEBUG:colcon.colcon_core.event_reactor:joined thread
[7.640s] INFO:colcon.colcon_core.shell:Creating prefix script '/home/cp/town_ws/install/local_setup.ps1'
[7.640s] INFO:colcon.colcon_core.shell:Creating prefix util module '/home/cp/town_ws/install/_local_setup_util_ps1.py'
[7.641s] INFO:colcon.colcon_core.shell:Creating prefix chain script '/home/cp/town_ws/install/setup.ps1'
[7.642s] INFO:colcon.colcon_core.shell:Creating prefix script '/home/cp/town_ws/install/local_setup.sh'
[7.642s] INFO:colcon.colcon_core.shell:Creating prefix util module '/home/cp/town_ws/install/_local_setup_util_sh.py'
[7.643s] INFO:colcon.colcon_core.shell:Creating prefix chain script '/home/cp/town_ws/install/setup.sh'
[7.643s] INFO:colcon.colcon_core.shell:Creating prefix script '/home/cp/town_ws/install/local_setup.bash'
[7.644s] INFO:colcon.colcon_core.shell:Creating prefix chain script '/home/cp/town_ws/install/setup.bash'
[7.644s] INFO:colcon.colcon_core.shell:Creating prefix script '/home/cp/town_ws/install/local_setup.zsh'
[7.644s] INFO:colcon.colcon_core.shell:Creating prefix chain script '/home/cp/town_ws/install/setup.zsh'
