/home/cp/town_ws/install/example_py/lib/python3.10/site-packages/example_py/node_02.py
/home/cp/town_ws/install/example_py/lib/python3.10/site-packages/example_py/li3.py
/home/cp/town_ws/install/example_py/lib/python3.10/site-packages/example_py/li4.py
/home/cp/town_ws/install/example_py/lib/python3.10/site-packages/example_py/__init__.py
/home/cp/town_ws/install/example_py/lib/python3.10/site-packages/example_py/__pycache__/node_02.cpython-310.pyc
/home/cp/town_ws/install/example_py/lib/python3.10/site-packages/example_py/__pycache__/li3.cpython-310.pyc
/home/cp/town_ws/install/example_py/lib/python3.10/site-packages/example_py/__pycache__/li4.cpython-310.pyc
/home/cp/town_ws/install/example_py/lib/python3.10/site-packages/example_py/__pycache__/__init__.cpython-310.pyc
/home/cp/town_ws/install/example_py/share/ament_index/resource_index/packages/example_py
/home/cp/town_ws/install/example_py/share/example_py/package.xml
/home/cp/town_ws/install/example_py/share/example_py/launch/village.launch.py
/home/cp/town_ws/install/example_py/lib/python3.10/site-packages/example_py-0.0.0-py3.10.egg-info/dependency_links.txt
/home/cp/town_ws/install/example_py/lib/python3.10/site-packages/example_py-0.0.0-py3.10.egg-info/entry_points.txt
/home/cp/town_ws/install/example_py/lib/python3.10/site-packages/example_py-0.0.0-py3.10.egg-info/zip-safe
/home/cp/town_ws/install/example_py/lib/python3.10/site-packages/example_py-0.0.0-py3.10.egg-info/top_level.txt
/home/cp/town_ws/install/example_py/lib/python3.10/site-packages/example_py-0.0.0-py3.10.egg-info/SOURCES.txt
/home/cp/town_ws/install/example_py/lib/python3.10/site-packages/example_py-0.0.0-py3.10.egg-info/PKG-INFO
/home/cp/town_ws/install/example_py/lib/python3.10/site-packages/example_py-0.0.0-py3.10.egg-info/requires.txt
/home/cp/town_ws/install/example_py/lib/example_py/li3_node
/home/cp/town_ws/install/example_py/lib/example_py/li4_node
/home/cp/town_ws/install/example_py/lib/example_py/node_02
