running egg_info
writing ../../build/example_py/example_py.egg-info/PKG-INFO
writing dependency_links to ../../build/example_py/example_py.egg-info/dependency_links.txt
writing entry points to ../../build/example_py/example_py.egg-info/entry_points.txt
writing requirements to ../../build/example_py/example_py.egg-info/requires.txt
writing top-level names to ../../build/example_py/example_py.egg-info/top_level.txt
reading manifest file '../../build/example_py/example_py.egg-info/SOURCES.txt'
writing manifest file '../../build/example_py/example_py.egg-info/SOURCES.txt'
running build
running build_py
running install
running install_lib
running install_data
copying launch/village.launch.py -> /home/cp/town_ws/install/example_py/share/example_py/launch
running install_egg_info
removing '/home/cp/town_ws/install/example_py/lib/python3.10/site-packages/example_py-0.0.0-py3.10.egg-info' (and everything under it)
Copying ../../build/example_py/example_py.egg-info to /home/cp/town_ws/install/example_py/lib/python3.10/site-packages/example_py-0.0.0-py3.10.egg-info
running install_scripts
Installing li3_node script to /home/cp/town_ws/install/example_py/lib/example_py
Installing li4_node script to /home/cp/town_ws/install/example_py/lib/example_py
Installing node_02 script to /home/cp/town_ws/install/example_py/lib/example_py
writing list of installed files to '/home/cp/town_ws/build/example_py/install.log'
