[0.219s] Invoking command in '/home/cp/town_ws/build/village_zhang': AMENT_PREFIX_PATH=/home/cp/town_ws/install/village_interfaces:${AMENT_PREFIX_PATH} CMAKE_PREFIX_PATH=/home/cp/town_ws/install/village_interfaces:/opt/ros/humble LD_LIBRARY_PATH=/home/cp/town_ws/install/village_interfaces/lib:/usr/lib/x86_64-linux-gnu/gazebo-11/plugins:/opt/ros/humble/opt/rviz_ogre_vendor/lib:/opt/ros/humble/lib/x86_64-linux-gnu:/opt/ros/humble/lib:/usr/share/gazebo/../../lib/x86_64-linux-gnu/gazebo-11/plugins:/usr/share/gazebo/../../lib/x86_64-linux-gnu/gazebo-11/plugins:/usr/share/gazebo/../../lib/x86_64-linux-gnu/gazebo-11/plugins PYTHONPATH=/home/cp/town_ws/install/village_interfaces/local/lib/python3.10/dist-packages:${PYTHONPATH} /usr/bin/cmake --build /home/cp/town_ws/build/village_zhang -- -j16 -l16
[0.261s] [35m[1mConsolidate compiler generated dependencies of target zhang3_node[0m
[0.283s] [100%] Built target zhang3_node
[0.294s] Invoked command in '/home/cp/town_ws/build/village_zhang' returned '0': AMENT_PREFIX_PATH=/home/cp/town_ws/install/village_interfaces:${AMENT_PREFIX_PATH} CMAKE_PREFIX_PATH=/home/cp/town_ws/install/village_interfaces:/opt/ros/humble LD_LIBRARY_PATH=/home/cp/town_ws/install/village_interfaces/lib:/usr/lib/x86_64-linux-gnu/gazebo-11/plugins:/opt/ros/humble/opt/rviz_ogre_vendor/lib:/opt/ros/humble/lib/x86_64-linux-gnu:/opt/ros/humble/lib:/usr/share/gazebo/../../lib/x86_64-linux-gnu/gazebo-11/plugins:/usr/share/gazebo/../../lib/x86_64-linux-gnu/gazebo-11/plugins:/usr/share/gazebo/../../lib/x86_64-linux-gnu/gazebo-11/plugins PYTHONPATH=/home/cp/town_ws/install/village_interfaces/local/lib/python3.10/dist-packages:${PYTHONPATH} /usr/bin/cmake --build /home/cp/town_ws/build/village_zhang -- -j16 -l16
[0.321s] Invoking command in '/home/cp/town_ws/build/village_zhang': AMENT_PREFIX_PATH=/home/cp/town_ws/install/village_interfaces:${AMENT_PREFIX_PATH} CMAKE_PREFIX_PATH=/home/cp/town_ws/install/village_interfaces:/opt/ros/humble LD_LIBRARY_PATH=/home/cp/town_ws/install/village_interfaces/lib:/usr/lib/x86_64-linux-gnu/gazebo-11/plugins:/opt/ros/humble/opt/rviz_ogre_vendor/lib:/opt/ros/humble/lib/x86_64-linux-gnu:/opt/ros/humble/lib:/usr/share/gazebo/../../lib/x86_64-linux-gnu/gazebo-11/plugins:/usr/share/gazebo/../../lib/x86_64-linux-gnu/gazebo-11/plugins:/usr/share/gazebo/../../lib/x86_64-linux-gnu/gazebo-11/plugins PYTHONPATH=/home/cp/town_ws/install/village_interfaces/local/lib/python3.10/dist-packages:${PYTHONPATH} /usr/bin/cmake --install /home/cp/town_ws/build/village_zhang
[0.330s] -- Install configuration: ""
[0.331s] -- Up-to-date: /home/cp/town_ws/install/village_zhang/lib/village_zhang/zhang3_node
[0.331s] -- Up-to-date: /home/cp/town_ws/install/village_zhang/share/ament_index/resource_index/package_run_dependencies/village_zhang
[0.331s] -- Up-to-date: /home/cp/town_ws/install/village_zhang/share/ament_index/resource_index/parent_prefix_path/village_zhang
[0.331s] -- Up-to-date: /home/cp/town_ws/install/village_zhang/share/village_zhang/environment/ament_prefix_path.sh
[0.331s] -- Up-to-date: /home/cp/town_ws/install/village_zhang/share/village_zhang/environment/ament_prefix_path.dsv
[0.331s] -- Up-to-date: /home/cp/town_ws/install/village_zhang/share/village_zhang/environment/path.sh
[0.331s] -- Up-to-date: /home/cp/town_ws/install/village_zhang/share/village_zhang/environment/path.dsv
[0.331s] -- Up-to-date: /home/cp/town_ws/install/village_zhang/share/village_zhang/local_setup.bash
[0.331s] -- Up-to-date: /home/cp/town_ws/install/village_zhang/share/village_zhang/local_setup.sh
[0.331s] -- Up-to-date: /home/cp/town_ws/install/village_zhang/share/village_zhang/local_setup.zsh
[0.332s] -- Up-to-date: /home/cp/town_ws/install/village_zhang/share/village_zhang/local_setup.dsv
[0.332s] -- Installing: /home/cp/town_ws/install/village_zhang/share/village_zhang/package.dsv
[0.332s] -- Up-to-date: /home/cp/town_ws/install/village_zhang/share/ament_index/resource_index/packages/village_zhang
[0.332s] -- Up-to-date: /home/cp/town_ws/install/village_zhang/share/village_zhang/cmake/village_zhangConfig.cmake
[0.332s] -- Up-to-date: /home/cp/town_ws/install/village_zhang/share/village_zhang/cmake/village_zhangConfig-version.cmake
[0.332s] -- Up-to-date: /home/cp/town_ws/install/village_zhang/share/village_zhang/package.xml
[0.333s] Invoked command in '/home/cp/town_ws/build/village_zhang' returned '0': AMENT_PREFIX_PATH=/home/cp/town_ws/install/village_interfaces:${AMENT_PREFIX_PATH} CMAKE_PREFIX_PATH=/home/cp/town_ws/install/village_interfaces:/opt/ros/humble LD_LIBRARY_PATH=/home/cp/town_ws/install/village_interfaces/lib:/usr/lib/x86_64-linux-gnu/gazebo-11/plugins:/opt/ros/humble/opt/rviz_ogre_vendor/lib:/opt/ros/humble/lib/x86_64-linux-gnu:/opt/ros/humble/lib:/usr/share/gazebo/../../lib/x86_64-linux-gnu/gazebo-11/plugins:/usr/share/gazebo/../../lib/x86_64-linux-gnu/gazebo-11/plugins:/usr/share/gazebo/../../lib/x86_64-linux-gnu/gazebo-11/plugins PYTHONPATH=/home/cp/town_ws/install/village_interfaces/local/lib/python3.10/dist-packages:${PYTHONPATH} /usr/bin/cmake --install /home/cp/town_ws/build/village_zhang
